Log file open, 12/12/19 20:22:30
LogWindows: Failed to load 'aqProf.dll' (GetLastError=126)
LogWindows: File 'aqProf.dll' does not exist
LogWindows: Failed to load 'VtuneApi.dll' (GetLastError=126)
LogWindows: File 'VtuneApi.dll' does not exist
LogWindows: Failed to load 'VtuneApi32e.dll' (GetLastError=126)
LogWindows: File 'VtuneApi32e.dll' does not exist
LogConsoleResponse: Display: Failed to find resolution value strings in scalability ini. Falling back to default.
LogInit: Display: Running engine for game: CrossyRoad
LogPlatformFile: Not using cached read wrapper
LogTaskGraph: Started task graph with 5 named threads and 14 total threads with 3 sets of task threads.
LogStats: Stats thread started at 0.115202
LogD3D11RHI: Loaded GFSDK_Aftermath_Lib.x64.dll
LogICUInternationalization: ICU TimeZone Detection - Raw Offset: -8:00, Platform Override: ''
LogPluginManager: Mounting plugin Paper2D
LogPluginManager: Mounting plugin AISupport
LogPluginManager: Mounting plugin LightPropagationVolume
LogPluginManager: Mounting plugin ActorLayerUtilities
LogPluginManager: Mounting plugin AnimationSharing
LogPluginManager: Mounting plugin CLionSourceCodeAccess
LogPluginManager: Mounting plugin CodeLiteSourceCodeAccess
LogPluginManager: Mounting plugin GitSourceControl
LogPluginManager: Mounting plugin KDevelopSourceCodeAccess
LogPluginManager: Mounting plugin NullSourceCodeAccess
LogPluginManager: Mounting plugin PerforceSourceControl
LogPluginManager: Mounting plugin SubversionSourceControl
LogPluginManager: Mounting plugin UObjectPlugin
LogPluginManager: Mounting plugin VisualStudioCodeSourceCodeAccess
LogPluginManager: Mounting plugin VisualStudioSourceCodeAccess
LogPluginManager: Mounting plugin XCodeSourceCodeAccess
LogPluginManager: Mounting plugin AssetManagerEditor
LogPluginManager: Mounting plugin CryptoKeys
LogPluginManager: Mounting plugin CurveEditorTools
LogPluginManager: Mounting plugin DataValidation
LogPluginManager: Mounting plugin FacialAnimation
LogPluginManager: Mounting plugin GameplayTagsEditor
LogPluginManager: Mounting plugin MacGraphicsSwitching
LogPluginManager: Mounting plugin MaterialAnalyzer
LogPluginManager: Mounting plugin MobileLauncherProfileWizard
LogPluginManager: Mounting plugin PluginBrowser
LogPluginManager: Mounting plugin SpeedTreeImporter
LogPluginManager: Mounting plugin DatasmithContent
LogPluginManager: Mounting plugin VariantManagerContent
LogPluginManager: Mounting plugin AlembicImporter
LogPluginManager: Mounting plugin AutomationUtils
LogPluginManager: Mounting plugin BackChannel
LogPluginManager: Mounting plugin CharacterAI
LogPluginManager: Mounting plugin GeometryCache
LogPluginManager: Mounting plugin HTML5Networking
LogPluginManager: Mounting plugin PlatformCrypto
LogPluginManager: Mounting plugin ProxyLODPlugin
LogPluginManager: Mounting plugin SkeletalReduction
LogPluginManager: Mounting plugin MagicLeap
LogPluginManager: Mounting plugin MagicLeapMedia
LogPluginManager: Mounting plugin AndroidMedia
LogPluginManager: Mounting plugin AvfMedia
LogPluginManager: Mounting plugin ImgMedia
LogPluginManager: Mounting plugin MediaCompositing
LogPluginManager: Mounting plugin MediaPlayerEditor
LogPluginManager: Mounting plugin WebMMedia
LogPluginManager: Mounting plugin WmfMedia
LogPluginManager: Mounting plugin TcpMessaging
LogPluginManager: Mounting plugin UdpMessaging
LogPluginManager: Mounting plugin ActorSequence
LogPluginManager: Mounting plugin LevelSequenceEditor
LogPluginManager: Mounting plugin MatineeToLevelSequence
LogPluginManager: Mounting plugin NetcodeUnitTest
LogPluginManager: Mounting plugin NUTUnrealEngine4
LogPluginManager: Mounting plugin OnlineSubsystemGooglePlay
LogPluginManager: Mounting plugin OnlineSubsystemIOS
LogPluginManager: Mounting plugin OnlineSubsystem
LogPluginManager: Mounting plugin OnlineSubsystemNull
LogPluginManager: Mounting plugin OnlineSubsystemUtils
LogPluginManager: Mounting plugin LauncherChunkInstaller
LogPluginManager: Mounting plugin AndroidDeviceProfileSelector
LogPluginManager: Mounting plugin AndroidMoviePlayer
LogPluginManager: Mounting plugin AndroidPermission
LogPluginManager: Mounting plugin AppleImageUtils
LogPluginManager: Mounting plugin AppleMoviePlayer
LogPluginManager: Mounting plugin ArchVisCharacter
LogPluginManager: Mounting plugin AudioCapture
LogPluginManager: Mounting plugin CableComponent
LogPluginManager: Mounting plugin CustomMeshComponent
LogPluginManager: Mounting plugin EditableMesh
LogPluginManager: Mounting plugin ExampleDeviceProfileSelector
LogPluginManager: Mounting plugin GoogleCloudMessaging
LogPluginManager: Mounting plugin IOSDeviceProfileSelector
LogPluginManager: Mounting plugin LinuxDeviceProfileSelector
LogPluginManager: Mounting plugin LocationServicesBPLibrary
LogPluginManager: Mounting plugin MobilePatchingUtils
LogPluginManager: Mounting plugin OculusVR
LogPluginManager: Mounting plugin PhysXVehicles
LogPluginManager: Mounting plugin ProceduralMeshComponent
LogPluginManager: Mounting plugin RuntimePhysXCooking
LogPluginManager: Mounting plugin SignificanceManager
LogPluginManager: Mounting plugin SteamVR
LogPluginManager: Mounting plugin WebMMoviePlayer
LogPluginManager: Mounting plugin WindowsMoviePlayer
LogPluginManager: Mounting plugin ScreenshotTools
LogInit: Using libcurl 7.55.1-DEV
LogInit:  - built for x86_64-pc-win32
LogInit:  - supports SSL with OpenSSL/1.1.1
LogInit:  - supports HTTP deflate (compression) using libz 1.2.8
LogInit:  - other features:
LogInit:      CURL_VERSION_SSL
LogInit:      CURL_VERSION_LIBZ
LogInit:      CURL_VERSION_IPV6
LogInit:      CURL_VERSION_ASYNCHDNS
LogInit:      CURL_VERSION_LARGEFILE
LogInit:      CURL_VERSION_IDN
LogInit:  CurlRequestOptions (configurable via config and command line):
LogInit:  - bVerifyPeer = true  - Libcurl will verify peer certificate
LogInit:  - bUseHttpProxy = false  - Libcurl will NOT use HTTP proxy
LogInit:  - bDontReuseConnections = false  - Libcurl will reuse connections
LogInit:  - MaxHostConnections = 16  - Libcurl will limit the number of connections to a host
LogInit:  - LocalHostAddr = Default
LogInit:  - BufferSize = 65536
LogOnline: OSS: Creating online subsystem instance for: NULL
LogInit: WinSock: version 1.1 (2.2), MaxSocks=32767, MaxUdp=65467
LogInit: Build: ++UE4+Release-4.23-CL-9631420
LogInit: Engine Version: 4.23.1-9631420+++UE4+Release-4.23
LogInit: Compatible Engine Version: 4.23.0-8386587+++UE4+Release-4.23
LogInit: Net CL: 8386587
LogInit: OS: Windows 10 (Release 1809) (), CPU: Intel(R) Core(TM) i5-7300HQ CPU @ 2.50GHz, GPU: Intel(R) HD Graphics 630
LogInit: Compiled (64-bit): Oct 18 2019 02:07:44
LogInit: Compiled with Visual C++: 19.16.27030.01
LogInit: Build Configuration: Development
LogInit: Branch Name: ++UE4+Release-4.23
LogInit: Command Line: 
LogInit: Base Directory: C:/Program Files/Epic Games/UE_4.23/Engine/Binaries/Win64/
LogInit: Installed Engine Build: 1
LogDevObjectVersion: Number of dev versions registered: 23
LogDevObjectVersion:   Dev-Blueprints (B0D832E4-1F89-4F0D-ACCF-7EB736FD4AA2): 10
LogDevObjectVersion:   Dev-Build (E1C64328-A22C-4D53-A36C-8E866417BD8C): 0
LogDevObjectVersion:   Dev-Core (375EC13C-06E4-48FB-B500-84F0262A717E): 3
LogDevObjectVersion:   Dev-Editor (E4B068ED-F494-42E9-A231-DA0B2E46BB41): 34
LogDevObjectVersion:   Dev-Framework (CFFC743F-43B0-4480-9391-14DF171D2073): 35
LogDevObjectVersion:   Dev-Mobile (B02B49B5-BB20-44E9-A304-32B752E40360): 2
LogDevObjectVersion:   Dev-Networking (A4E4105C-59A1-49B5-A7C5-40C4547EDFEE): 0
LogDevObjectVersion:   Dev-Online (39C831C9-5AE6-47DC-9A44-9C173E1C8E7C): 0
LogDevObjectVersion:   Dev-Physics (78F01B33-EBEA-4F98-B9B4-84EACCB95AA2): 0
LogDevObjectVersion:   Dev-Platform (6631380F-2D4D-43E0-8009-CF276956A95A): 0
LogDevObjectVersion:   Dev-Rendering (12F88B9F-8875-4AFC-A67C-D90C383ABD29): 31
LogDevObjectVersion:   Dev-Sequencer (7B5AE74C-D270-4C10-A958-57980B212A5A): 11
LogDevObjectVersion:   Dev-VR (D7296918-1DD6-4BDD-9DE2-64A83CC13884): 2
LogDevObjectVersion:   Dev-LoadTimes (C2A15278-BFE7-4AFE-6C17-90FF531DF755): 1
LogDevObjectVersion:   Private-Geometry (6EACA3D4-40EC-4CC1-B786-8BED09428FC5): 3
LogDevObjectVersion:   Dev-AnimPhys (29E575DD-E0A3-4627-9D10-D276232CDCEA): 17
LogDevObjectVersion:   Dev-Anim (AF43A65D-7FD3-4947-9873-3E8ED9C1BB05): 2
LogDevObjectVersion:   Dev-ReflectionCapture (6B266CEC-1EC7-4B8F-A30B-E4D90942FC07): 1
LogDevObjectVersion:   Dev-Automation (0DF73D61-A23F-47EA-B727-89E90C41499A): 1
LogDevObjectVersion:   FortniteMain (601D1886-AC64-4F84-AA16-D3DE0DEAC7D6): 27
LogDevObjectVersion:   Dev-Enterprise (9DFFBCD6-494F-0158-E221-12823C92A888): 6
LogDevObjectVersion:   Dev-Niagara (F2AED0AC-9AFE-416F-8664-AA7FFA26D6FC): 1
LogDevObjectVersion:   Dev-Destruction (174F1F0B-B4C6-45A5-B13F-2EE8D0FB917D): 9
LogInit: Presizing for max 16777216 objects, including 0 objects not considered by GC, pre-allocating 0 bytes for permanent pool.
LogInit: Object subsystem initialized
LogConfig: Setting CVar [[con.DebugEarlyDefault:1]]
LogConfig: Setting CVar [[r.setres:1280x720]]
[2019.12.13-04.22.31:603][  0]LogConfig: Setting CVar [[r.VSync:0]]
[2019.12.13-04.22.31:604][  0]LogConfig: Setting CVar [[r.RHICmdBypass:0]]
[2019.12.13-04.22.31:604][  0]LogConfig: Applying CVar settings from Section [/Script/Engine.RendererSettings] File [C:/Users/Hyrek/Desktop/crossyroad-FReAKGames/CrossyRoad/Saved/Config/Windows/Engine.ini]
[2019.12.13-04.22.31:604][  0]LogConfig: Setting CVar [[r.GPUCrashDebugging:0]]
[2019.12.13-04.22.31:604][  0]LogConfig: Setting CVar [[r.DefaultFeature.AutoExposure.ExtendDefaultLuminanceRange:1]]
[2019.12.13-04.22.31:604][  0]LogConfig: Applying CVar settings from Section [/Script/Engine.RendererOverrideSettings] File [C:/Users/Hyrek/Desktop/crossyroad-FReAKGames/CrossyRoad/Saved/Config/Windows/Engine.ini]
[2019.12.13-04.22.31:604][  0]LogConfig: Applying CVar settings from Section [/Script/Engine.StreamingSettings] File [C:/Users/Hyrek/Desktop/crossyroad-FReAKGames/CrossyRoad/Saved/Config/Windows/Engine.ini]
[2019.12.13-04.22.31:604][  0]LogConfig: Setting CVar [[s.MinBulkDataSizeForAsyncLoading:131072]]
[2019.12.13-04.22.31:604][  0]LogConfig: Setting CVar [[s.AsyncLoadingThreadEnabled:0]]
[2019.12.13-04.22.31:604][  0]LogConfig: Setting CVar [[s.EventDrivenLoaderEnabled:1]]
[2019.12.13-04.22.31:604][  0]LogConfig: Setting CVar [[s.WarnIfTimeLimitExceeded:0]]
[2019.12.13-04.22.31:604][  0]LogConfig: Setting CVar [[s.TimeLimitExceededMultiplier:1.5]]
[2019.12.13-04.22.31:604][  0]LogConfig: Setting CVar [[s.TimeLimitExceededMinTime:0.005]]
[2019.12.13-04.22.31:604][  0]LogConfig: Setting CVar [[s.UseBackgroundLevelStreaming:1]]
[2019.12.13-04.22.31:604][  0]LogConfig: Setting CVar [[s.PriorityAsyncLoadingExtraTime:15.0]]
[2019.12.13-04.22.31:604][  0]LogConfig: Setting CVar [[s.LevelStreamingActorsUpdateTimeLimit:5.0]]
[2019.12.13-04.22.31:604][  0]LogConfig: Setting CVar [[s.PriorityLevelStreamingActorsUpdateExtraTime:5.0]]
[2019.12.13-04.22.31:604][  0]LogConfig: Setting CVar [[s.LevelStreamingComponentsRegistrationGranularity:10]]
[2019.12.13-04.22.31:604][  0]LogConfig: Setting CVar [[s.UnregisterComponentsTimeLimit:1.0]]
[2019.12.13-04.22.31:604][  0]LogConfig: Setting CVar [[s.LevelStreamingComponentsUnregistrationGranularity:5]]
[2019.12.13-04.22.31:604][  0]LogConfig: Applying CVar settings from Section [/Script/Engine.GarbageCollectionSettings] File [C:/Users/Hyrek/Desktop/crossyroad-FReAKGames/CrossyRoad/Saved/Config/Windows/Engine.ini]
[2019.12.13-04.22.31:604][  0]LogConfig: Setting CVar [[gc.MaxObjectsNotConsideredByGC:1]]
[2019.12.13-04.22.31:604][  0]LogConfig: Setting CVar [[gc.SizeOfPermanentObjectPool:0]]
[2019.12.13-04.22.31:604][  0]LogConfig: Setting CVar [[gc.FlushStreamingOnGC:0]]
[2019.12.13-04.22.31:604][  0]LogConfig: Setting CVar [[gc.NumRetriesBeforeForcingGC:10]]
[2019.12.13-04.22.31:604][  0]LogConfig: Setting CVar [[gc.AllowParallelGC:1]]
[2019.12.13-04.22.31:604][  0]LogConfig: Setting CVar [[gc.TimeBetweenPurgingPendingKillObjects:61.1]]
[2019.12.13-04.22.31:604][  0]LogConfig: Setting CVar [[gc.MaxObjectsInEditor:16777216]]
[2019.12.13-04.22.31:604][  0]LogConfig: Setting CVar [[gc.IncrementalBeginDestroyEnabled:1]]
[2019.12.13-04.22.31:604][  0]LogConfig: Setting CVar [[gc.CreateGCClusters:1]]
[2019.12.13-04.22.31:604][  0]LogConfig: Setting CVar [[gc.MinGCClusterSize:5]]
[2019.12.13-04.22.31:604][  0]LogConfig: Setting CVar [[gc.ActorClusteringEnabled:0]]
[2019.12.13-04.22.31:604][  0]LogConfig: Setting CVar [[gc.BlueprintClusteringEnabled:0]]
[2019.12.13-04.22.31:604][  0]LogConfig: Setting CVar [[gc.UseDisregardForGCOnDedicatedServers:0]]
[2019.12.13-04.22.31:604][  0]LogConfig: Applying CVar settings from Section [/Script/Engine.NetworkSettings] File [C:/Users/Hyrek/Desktop/crossyroad-FReAKGames/CrossyRoad/Saved/Config/Windows/Engine.ini]
[2019.12.13-04.22.31:604][  0]LogConfig: Applying CVar settings from Section [/Script/UnrealEd.CookerSettings] File [C:/Users/Hyrek/Desktop/crossyroad-FReAKGames/CrossyRoad/Saved/Config/Windows/Engine.ini]
[2019.12.13-04.22.31:653][  0]LogConfig: Applying CVar settings from Section [ViewDistanceQuality@3] File [C:/Users/Hyrek/Desktop/crossyroad-FReAKGames/CrossyRoad/Saved/Config/Windows/Scalability.ini]
[2019.12.13-04.22.31:653][  0]LogConfig: Setting CVar [[r.SkeletalMeshLODBias:0]]
[2019.12.13-04.22.31:653][  0]LogConfig: Setting CVar [[r.ViewDistanceScale:1.0]]
[2019.12.13-04.22.31:653][  0]LogConfig: Applying CVar settings from Section [AntiAliasingQuality@3] File [C:/Users/Hyrek/Desktop/crossyroad-FReAKGames/CrossyRoad/Saved/Config/Windows/Scalability.ini]
[2019.12.13-04.22.31:653][  0]LogConfig: Setting CVar [[r.PostProcessAAQuality:4]]
[2019.12.13-04.22.31:653][  0]LogConfig: Applying CVar settings from Section [ShadowQuality@3] File [C:/Users/Hyrek/Desktop/crossyroad-FReAKGames/CrossyRoad/Saved/Config/Windows/Scalability.ini]
[2019.12.13-04.22.31:653][  0]LogConfig: Setting CVar [[r.LightFunctionQuality:1]]
[2019.12.13-04.22.31:653][  0]LogConfig: Setting CVar [[r.ShadowQuality:5]]
[2019.12.13-04.22.31:653][  0]LogConfig: Setting CVar [[r.Shadow.CSM.MaxCascades:10]]
[2019.12.13-04.22.31:653][  0]LogConfig: Setting CVar [[r.Shadow.MaxResolution:2048]]
[2019.12.13-04.22.31:653][  0]LogConfig: Setting CVar [[r.Shadow.MaxCSMResolution:2048]]
[2019.12.13-04.22.31:653][  0]LogConfig: Setting CVar [[r.Shadow.RadiusThreshold:0.01]]
[2019.12.13-04.22.31:653][  0]LogConfig: Setting CVar [[r.Shadow.DistanceScale:1.0]]
[2019.12.13-04.22.31:653][  0]LogConfig: Setting CVar [[r.Shadow.CSM.TransitionScale:1.0]]
[2019.12.13-04.22.31:653][  0]LogConfig: Setting CVar [[r.Shadow.PreShadowResolutionFactor:1.0]]
[2019.12.13-04.22.31:653][  0]LogConfig: Setting CVar [[r.DistanceFieldShadowing:1]]
[2019.12.13-04.22.31:653][  0]LogConfig: Setting CVar [[r.DistanceFieldAO:1]]
[2019.12.13-04.22.31:653][  0]LogConfig: Setting CVar [[r.AOQuality:2]]
[2019.12.13-04.22.31:653][  0]LogConfig: Setting CVar [[r.VolumetricFog:1]]
[2019.12.13-04.22.31:653][  0]LogConfig: Setting CVar [[r.VolumetricFog.GridPixelSize:8]]
[2019.12.13-04.22.31:653][  0]LogConfig: Setting CVar [[r.VolumetricFog.GridSizeZ:128]]
[2019.12.13-04.22.31:653][  0]LogConfig: Setting CVar [[r.VolumetricFog.HistoryMissSupersampleCount:4]]
[2019.12.13-04.22.31:653][  0]LogConfig: Setting CVar [[r.LightMaxDrawDistanceScale:1]]
[2019.12.13-04.22.31:653][  0]LogConfig: Setting CVar [[r.CapsuleShadows:1]]
[2019.12.13-04.22.31:653][  0]LogConfig: Applying CVar settings from Section [PostProcessQuality@3] File [C:/Users/Hyrek/Desktop/crossyroad-FReAKGames/CrossyRoad/Saved/Config/Windows/Scalability.ini]
[2019.12.13-04.22.31:653][  0]LogConfig: Setting CVar [[r.MotionBlurQuality:4]]
[2019.12.13-04.22.31:653][  0]LogConfig: Setting CVar [[r.AmbientOcclusionMipLevelFactor:0.4]]
[2019.12.13-04.22.31:653][  0]LogConfig: Setting CVar [[r.AmbientOcclusionMaxQuality:100]]
[2019.12.13-04.22.31:653][  0]LogConfig: Setting CVar [[r.AmbientOcclusionLevels:-1]]
[2019.12.13-04.22.31:653][  0]LogConfig: Setting CVar [[r.AmbientOcclusionRadiusScale:1.0]]
[2019.12.13-04.22.31:653][  0]LogConfig: Setting CVar [[r.DepthOfFieldQuality:2]]
[2019.12.13-04.22.31:653][  0]LogConfig: Setting CVar [[r.RenderTargetPoolMin:400]]
[2019.12.13-04.22.31:653][  0]LogConfig: Setting CVar [[r.LensFlareQuality:2]]
[2019.12.13-04.22.31:654][  0]LogConfig: Setting CVar [[r.SceneColorFringeQuality:1]]
[2019.12.13-04.22.31:654][  0]LogConfig: Setting CVar [[r.EyeAdaptationQuality:2]]
[2019.12.13-04.22.31:654][  0]LogConfig: Setting CVar [[r.BloomQuality:5]]
[2019.12.13-04.22.31:654][  0]LogConfig: Setting CVar [[r.FastBlurThreshold:100]]
[2019.12.13-04.22.31:654][  0]LogConfig: Setting CVar [[r.Upscale.Quality:3]]
[2019.12.13-04.22.31:654][  0]LogConfig: Setting CVar [[r.Tonemapper.GrainQuantization:1]]
[2019.12.13-04.22.31:654][  0]LogConfig: Setting CVar [[r.LightShaftQuality:1]]
[2019.12.13-04.22.31:654][  0]LogConfig: Setting CVar [[r.Filter.SizeScale:1]]
[2019.12.13-04.22.31:654][  0]LogConfig: Setting CVar [[r.Tonemapper.Quality:5]]
[2019.12.13-04.22.31:654][  0]LogConfig: Setting CVar [[r.DOF.Gather.AccumulatorQuality:1        ; higher gathering accumulator quality]]
[2019.12.13-04.22.31:654][  0]LogConfig: Setting CVar [[r.DOF.Gather.PostfilterMethod:1          ; Median3x3 postfilering method]]
[2019.12.13-04.22.31:654][  0]LogConfig: Setting CVar [[r.DOF.Gather.EnableBokehSettings:0       ; no bokeh simulation when gathering]]
[2019.12.13-04.22.31:654][  0]LogConfig: Setting CVar [[r.DOF.Gather.RingCount:4                 ; medium number of samples when gathering]]
[2019.12.13-04.22.31:654][  0]LogConfig: Setting CVar [[r.DOF.Scatter.ForegroundCompositing:1    ; additive foreground scattering]]
[2019.12.13-04.22.31:654][  0]LogConfig: Setting CVar [[r.DOF.Scatter.BackgroundCompositing:2    ; additive background scattering]]
[2019.12.13-04.22.31:654][  0]LogConfig: Setting CVar [[r.DOF.Scatter.EnableBokehSettings:1      ; bokeh simulation when scattering]]
[2019.12.13-04.22.31:654][  0]LogConfig: Setting CVar [[r.DOF.Scatter.MaxSpriteRatio:0.1         ; only a maximum of 10% of scattered bokeh]]
[2019.12.13-04.22.31:654][  0]LogConfig: Setting CVar [[r.DOF.Recombine.Quality:1                ; cheap slight out of focus]]
[2019.12.13-04.22.31:654][  0]LogConfig: Setting CVar [[r.DOF.Recombine.EnableBokehSettings:0    ; no bokeh simulation on slight out of focus]]
[2019.12.13-04.22.31:654][  0]LogConfig: Setting CVar [[r.DOF.TemporalAAQuality:1                ; more stable temporal accumulation]]
[2019.12.13-04.22.31:654][  0]LogConfig: Setting CVar [[r.DOF.Kernel.MaxForegroundRadius:0.025]]
[2019.12.13-04.22.31:654][  0]LogConfig: Setting CVar [[r.DOF.Kernel.MaxBackgroundRadius:0.025]]
[2019.12.13-04.22.31:654][  0]LogConfig: Applying CVar settings from Section [TextureQuality@3] File [C:/Users/Hyrek/Desktop/crossyroad-FReAKGames/CrossyRoad/Saved/Config/Windows/Scalability.ini]
[2019.12.13-04.22.31:654][  0]LogConfig: Setting CVar [[r.Streaming.MipBias:0]]
[2019.12.13-04.22.31:654][  0]LogConfig: Setting CVar [[r.Streaming.AmortizeCPUToGPUCopy:0]]
[2019.12.13-04.22.31:654][  0]LogConfig: Setting CVar [[r.Streaming.MaxNumTexturesToStreamPerFrame:0]]
[2019.12.13-04.22.31:654][  0]LogConfig: Setting CVar [[r.Streaming.Boost:1]]
[2019.12.13-04.22.31:654][  0]LogConfig: Setting CVar [[r.MaxAnisotropy:8]]
[2019.12.13-04.22.31:654][  0]LogConfig: Setting CVar [[r.Streaming.LimitPoolSizeToVRAM:0]]
[2019.12.13-04.22.31:654][  0]LogConfig: Setting CVar [[r.Streaming.PoolSize:1000]]
[2019.12.13-04.22.31:654][  0]LogConfig: Setting CVar [[r.Streaming.MaxEffectiveScreenSize:0]]
[2019.12.13-04.22.31:654][  0]LogConfig: Applying CVar settings from Section [EffectsQuality@3] File [C:/Users/Hyrek/Desktop/crossyroad-FReAKGames/CrossyRoad/Saved/Config/Windows/Scalability.ini]
[2019.12.13-04.22.31:654][  0]LogConfig: Setting CVar [[r.TranslucencyLightingVolumeDim:64]]
[2019.12.13-04.22.31:654][  0]LogConfig: Setting CVar [[r.RefractionQuality:2]]
[2019.12.13-04.22.31:654][  0]LogConfig: Setting CVar [[r.SSR.Quality:3]]
[2019.12.13-04.22.31:654][  0]LogConfig: Setting CVar [[r.SceneColorFormat:4]]
[2019.12.13-04.22.31:654][  0]LogConfig: Setting CVar [[r.DetailMode:2]]
[2019.12.13-04.22.31:654][  0]LogConfig: Setting CVar [[r.TranslucencyVolumeBlur:1]]
[2019.12.13-04.22.31:654][  0]LogConfig: Setting CVar [[r.MaterialQualityLevel:1 ; High quality]]
[2019.12.13-04.22.31:654][  0]LogConfig: Setting CVar [[r.SSS.Scale:1]]
[2019.12.13-04.22.31:654][  0]LogConfig: Setting CVar [[r.SSS.SampleSet:2]]
[2019.12.13-04.22.31:654][  0]LogConfig: Setting CVar [[r.SSS.Quality:1]]
[2019.12.13-04.22.31:654][  0]LogConfig: Setting CVar [[r.SSS.HalfRes:1]]
[2019.12.13-04.22.31:654][  0]LogConfig: Setting CVar [[r.EmitterSpawnRateScale:1.0]]
[2019.12.13-04.22.31:654][  0]LogConfig: Setting CVar [[r.ParticleLightQuality:2]]
[2019.12.13-04.22.31:654][  0]LogConfig: Applying CVar settings from Section [FoliageQuality@3] File [C:/Users/Hyrek/Desktop/crossyroad-FReAKGames/CrossyRoad/Saved/Config/Windows/Scalability.ini]
[2019.12.13-04.22.31:654][  0]LogConfig: Setting CVar [[foliage.DensityScale:1.0]]
[2019.12.13-04.22.31:654][  0]LogConfig: Setting CVar [[grass.DensityScale:1.0]]
[2019.12.13-04.22.31:654][  0]LogInit: Selected Device Profile: [Windows]
[2019.12.13-04.22.31:654][  0]LogInit: Applying CVar settings loaded from the selected device profile: [Windows]
[2019.12.13-04.22.31:659][  0]LogHAL: Display: Platform has ~ 8 GB [8476856320 / 8589934592 / 8], which maps to Default [LargestMinGB=32, LargerMinGB=12, DefaultMinGB=8, SmallerMinGB=6, SmallestMinGB=0)
[2019.12.13-04.22.31:659][  0]LogInit: Going up to parent DeviceProfile []
[2019.12.13-04.22.31:659][  0]LogConfig: Applying CVar settings from Section [ViewDistanceQuality@3] File [C:/Users/Hyrek/Desktop/crossyroad-FReAKGames/CrossyRoad/Saved/Config/Windows/Scalability.ini]
[2019.12.13-04.22.31:659][  0]LogConfig: Setting CVar [[r.SkeletalMeshLODBias:0]]
[2019.12.13-04.22.31:659][  0]LogConfig: Setting CVar [[r.ViewDistanceScale:1.0]]
[2019.12.13-04.22.31:659][  0]LogConfig: Applying CVar settings from Section [AntiAliasingQuality@3] File [C:/Users/Hyrek/Desktop/crossyroad-FReAKGames/CrossyRoad/Saved/Config/Windows/Scalability.ini]
[2019.12.13-04.22.31:659][  0]LogConfig: Setting CVar [[r.PostProcessAAQuality:4]]
[2019.12.13-04.22.31:659][  0]LogConfig: Applying CVar settings from Section [ShadowQuality@3] File [C:/Users/Hyrek/Desktop/crossyroad-FReAKGames/CrossyRoad/Saved/Config/Windows/Scalability.ini]
[2019.12.13-04.22.31:659][  0]LogConfig: Setting CVar [[r.LightFunctionQuality:1]]
[2019.12.13-04.22.31:659][  0]LogConfig: Setting CVar [[r.ShadowQuality:5]]
[2019.12.13-04.22.31:659][  0]LogConfig: Setting CVar [[r.Shadow.CSM.MaxCascades:10]]
[2019.12.13-04.22.31:659][  0]LogConfig: Setting CVar [[r.Shadow.MaxResolution:2048]]
[2019.12.13-04.22.31:659][  0]LogConfig: Setting CVar [[r.Shadow.MaxCSMResolution:2048]]
[2019.12.13-04.22.31:659][  0]LogConfig: Setting CVar [[r.Shadow.RadiusThreshold:0.01]]
[2019.12.13-04.22.31:659][  0]LogConfig: Setting CVar [[r.Shadow.DistanceScale:1.0]]
[2019.12.13-04.22.31:659][  0]LogConfig: Setting CVar [[r.Shadow.CSM.TransitionScale:1.0]]
[2019.12.13-04.22.31:659][  0]LogConfig: Setting CVar [[r.Shadow.PreShadowResolutionFactor:1.0]]
[2019.12.13-04.22.31:659][  0]LogConfig: Setting CVar [[r.DistanceFieldShadowing:1]]
[2019.12.13-04.22.31:659][  0]LogConfig: Setting CVar [[r.DistanceFieldAO:1]]
[2019.12.13-04.22.31:659][  0]LogConfig: Setting CVar [[r.AOQuality:2]]
[2019.12.13-04.22.31:659][  0]LogConfig: Setting CVar [[r.VolumetricFog:1]]
[2019.12.13-04.22.31:659][  0]LogConfig: Setting CVar [[r.VolumetricFog.GridPixelSize:8]]
[2019.12.13-04.22.31:659][  0]LogConfig: Setting CVar [[r.VolumetricFog.GridSizeZ:128]]
[2019.12.13-04.22.31:659][  0]LogConfig: Setting CVar [[r.VolumetricFog.HistoryMissSupersampleCount:4]]
[2019.12.13-04.22.31:659][  0]LogConfig: Setting CVar [[r.LightMaxDrawDistanceScale:1]]
[2019.12.13-04.22.31:659][  0]LogConfig: Setting CVar [[r.CapsuleShadows:1]]
[2019.12.13-04.22.31:659][  0]LogConfig: Applying CVar settings from Section [PostProcessQuality@3] File [C:/Users/Hyrek/Desktop/crossyroad-FReAKGames/CrossyRoad/Saved/Config/Windows/Scalability.ini]
[2019.12.13-04.22.31:659][  0]LogConfig: Setting CVar [[r.MotionBlurQuality:4]]
[2019.12.13-04.22.31:659][  0]LogConfig: Setting CVar [[r.AmbientOcclusionMipLevelFactor:0.4]]
[2019.12.13-04.22.31:660][  0]LogConfig: Setting CVar [[r.AmbientOcclusionMaxQuality:100]]
[2019.12.13-04.22.31:660][  0]LogConfig: Setting CVar [[r.AmbientOcclusionLevels:-1]]
[2019.12.13-04.22.31:660][  0]LogConfig: Setting CVar [[r.AmbientOcclusionRadiusScale:1.0]]
[2019.12.13-04.22.31:660][  0]LogConfig: Setting CVar [[r.DepthOfFieldQuality:2]]
[2019.12.13-04.22.31:660][  0]LogConfig: Setting CVar [[r.RenderTargetPoolMin:400]]
[2019.12.13-04.22.31:660][  0]LogConfig: Setting CVar [[r.LensFlareQuality:2]]
[2019.12.13-04.22.31:660][  0]LogConfig: Setting CVar [[r.SceneColorFringeQuality:1]]
[2019.12.13-04.22.31:660][  0]LogConfig: Setting CVar [[r.EyeAdaptationQuality:2]]
[2019.12.13-04.22.31:660][  0]LogConfig: Setting CVar [[r.BloomQuality:5]]
[2019.12.13-04.22.31:660][  0]LogConfig: Setting CVar [[r.FastBlurThreshold:100]]
[2019.12.13-04.22.31:660][  0]LogConfig: Setting CVar [[r.Upscale.Quality:3]]
[2019.12.13-04.22.31:660][  0]LogConfig: Setting CVar [[r.Tonemapper.GrainQuantization:1]]
[2019.12.13-04.22.31:660][  0]LogConfig: Setting CVar [[r.LightShaftQuality:1]]
[2019.12.13-04.22.31:660][  0]LogConfig: Setting CVar [[r.Filter.SizeScale:1]]
[2019.12.13-04.22.31:660][  0]LogConfig: Setting CVar [[r.Tonemapper.Quality:5]]
[2019.12.13-04.22.31:660][  0]LogConfig: Setting CVar [[r.DOF.Gather.AccumulatorQuality:1        ; higher gathering accumulator quality]]
[2019.12.13-04.22.31:660][  0]LogConfig: Setting CVar [[r.DOF.Gather.PostfilterMethod:1          ; Median3x3 postfilering method]]
[2019.12.13-04.22.31:660][  0]LogConfig: Setting CVar [[r.DOF.Gather.EnableBokehSettings:0       ; no bokeh simulation when gathering]]
[2019.12.13-04.22.31:660][  0]LogConfig: Setting CVar [[r.DOF.Gather.RingCount:4                 ; medium number of samples when gathering]]
[2019.12.13-04.22.31:660][  0]LogConfig: Setting CVar [[r.DOF.Scatter.ForegroundCompositing:1    ; additive foreground scattering]]
[2019.12.13-04.22.31:660][  0]LogConfig: Setting CVar [[r.DOF.Scatter.BackgroundCompositing:2    ; additive background scattering]]
[2019.12.13-04.22.31:660][  0]LogConfig: Setting CVar [[r.DOF.Scatter.EnableBokehSettings:1      ; bokeh simulation when scattering]]
[2019.12.13-04.22.31:660][  0]LogConfig: Setting CVar [[r.DOF.Scatter.MaxSpriteRatio:0.1         ; only a maximum of 10% of scattered bokeh]]
[2019.12.13-04.22.31:660][  0]LogConfig: Setting CVar [[r.DOF.Recombine.Quality:1                ; cheap slight out of focus]]
[2019.12.13-04.22.31:660][  0]LogConfig: Setting CVar [[r.DOF.Recombine.EnableBokehSettings:0    ; no bokeh simulation on slight out of focus]]
[2019.12.13-04.22.31:660][  0]LogConfig: Setting CVar [[r.DOF.TemporalAAQuality:1                ; more stable temporal accumulation]]
[2019.12.13-04.22.31:660][  0]LogConfig: Setting CVar [[r.DOF.Kernel.MaxForegroundRadius:0.025]]
[2019.12.13-04.22.31:660][  0]LogConfig: Setting CVar [[r.DOF.Kernel.MaxBackgroundRadius:0.025]]
[2019.12.13-04.22.31:660][  0]LogConfig: Applying CVar settings from Section [TextureQuality@3] File [C:/Users/Hyrek/Desktop/crossyroad-FReAKGames/CrossyRoad/Saved/Config/Windows/Scalability.ini]
[2019.12.13-04.22.31:660][  0]LogConfig: Setting CVar [[r.Streaming.MipBias:0]]
[2019.12.13-04.22.31:660][  0]LogConfig: Setting CVar [[r.Streaming.AmortizeCPUToGPUCopy:0]]
[2019.12.13-04.22.31:660][  0]LogConfig: Setting CVar [[r.Streaming.MaxNumTexturesToStreamPerFrame:0]]
[2019.12.13-04.22.31:660][  0]LogConfig: Setting CVar [[r.Streaming.Boost:1]]
[2019.12.13-04.22.31:660][  0]LogConfig: Setting CVar [[r.MaxAnisotropy:8]]
[2019.12.13-04.22.31:660][  0]LogConfig: Setting CVar [[r.Streaming.LimitPoolSizeToVRAM:0]]
[2019.12.13-04.22.31:660][  0]LogConfig: Setting CVar [[r.Streaming.PoolSize:1000]]
[2019.12.13-04.22.31:660][  0]LogConfig: Setting CVar [[r.Streaming.MaxEffectiveScreenSize:0]]
[2019.12.13-04.22.31:660][  0]LogConfig: Applying CVar settings from Section [EffectsQuality@3] File [C:/Users/Hyrek/Desktop/crossyroad-FReAKGames/CrossyRoad/Saved/Config/Windows/Scalability.ini]
[2019.12.13-04.22.31:660][  0]LogConfig: Setting CVar [[r.TranslucencyLightingVolumeDim:64]]
[2019.12.13-04.22.31:660][  0]LogConfig: Setting CVar [[r.RefractionQuality:2]]
[2019.12.13-04.22.31:660][  0]LogConfig: Setting CVar [[r.SSR.Quality:3]]
[2019.12.13-04.22.31:660][  0]LogConfig: Setting CVar [[r.SceneColorFormat:4]]
[2019.12.13-04.22.31:660][  0]LogConfig: Setting CVar [[r.DetailMode:2]]
[2019.12.13-04.22.31:660][  0]LogConfig: Setting CVar [[r.TranslucencyVolumeBlur:1]]
[2019.12.13-04.22.31:660][  0]LogConfig: Setting CVar [[r.MaterialQualityLevel:1 ; High quality]]
[2019.12.13-04.22.31:660][  0]LogConfig: Setting CVar [[r.SSS.Scale:1]]
[2019.12.13-04.22.31:660][  0]LogConfig: Setting CVar [[r.SSS.SampleSet:2]]
[2019.12.13-04.22.31:660][  0]LogConfig: Setting CVar [[r.SSS.Quality:1]]
[2019.12.13-04.22.31:660][  0]LogConfig: Setting CVar [[r.SSS.HalfRes:1]]
[2019.12.13-04.22.31:660][  0]LogConfig: Setting CVar [[r.EmitterSpawnRateScale:1.0]]
[2019.12.13-04.22.31:660][  0]LogConfig: Setting CVar [[r.ParticleLightQuality:2]]
[2019.12.13-04.22.31:660][  0]LogConfig: Applying CVar settings from Section [FoliageQuality@3] File [C:/Users/Hyrek/Desktop/crossyroad-FReAKGames/CrossyRoad/Saved/Config/Windows/Scalability.ini]
[2019.12.13-04.22.31:660][  0]LogConfig: Setting CVar [[foliage.DensityScale:1.0]]
[2019.12.13-04.22.31:660][  0]LogConfig: Setting CVar [[grass.DensityScale:1.0]]
[2019.12.13-04.22.31:660][  0]LogConfig: Applying CVar settings from Section [Startup] File [../../../Engine/Config/ConsoleVariables.ini]
[2019.12.13-04.22.31:661][  0]LogConfig: Setting CVar [[net.UseAdaptiveNetUpdateFrequency:0]]
[2019.12.13-04.22.31:661][  0]LogConfig: Setting CVar [[p.chaos.AllowCreatePhysxBodies:1]]
[2019.12.13-04.22.31:661][  0]LogConfig: Applying CVar settings from Section [ConsoleVariables] File [C:/Users/Hyrek/Desktop/crossyroad-FReAKGames/CrossyRoad/Saved/Config/Windows/Engine.ini]
[2019.12.13-04.22.31:661][  0]LogInit: Computer: LAPTOP-B4LMU3U3
[2019.12.13-04.22.31:661][  0]LogInit: User: Hyrek
[2019.12.13-04.22.31:661][  0]LogInit: CPU Page size=4096, Cores=4
[2019.12.13-04.22.31:661][  0]LogInit: High frequency timer resolution =10.000000 MHz
[2019.12.13-04.22.31:661][  0]LogMemory: Memory total: Physical=7.9GB (8GB approx)
[2019.12.13-04.22.31:661][  0]LogMemory: Platform Memory Stats for Windows
[2019.12.13-04.22.31:661][  0]LogMemory: Process Physical Memory: 100.22 MB used, 100.23 MB peak
[2019.12.13-04.22.31:661][  0]LogMemory: Process Virtual Memory: 88.04 MB used, 88.04 MB peak
[2019.12.13-04.22.31:661][  0]LogMemory: Physical Memory: 6866.95 MB used,  1217.21 MB free, 8084.16 MB total
[2019.12.13-04.22.31:661][  0]LogMemory: Virtual Memory: 4643.74 MB used,  134213088.00 MB free, 134217728.00 MB total
[2019.12.13-04.22.31:671][  0]LogWindows: WindowsPlatformFeatures enabled
[2019.12.13-04.22.31:706][  0]LogInit: Using OS detected language (en-US).
[2019.12.13-04.22.31:706][  0]LogInit: Using OS detected locale (en-US).
[2019.12.13-04.22.31:708][  0]LogTextLocalizationManager: No specific localization for 'en-US' exists, so the 'en' localization will be used.
[2019.12.13-04.22.31:962][  0]LogInit: Setting process to per monitor DPI aware
[2019.12.13-04.22.32:057][  0]LogSlate: New Slate User Created.  User Index 0, Is Virtual User: 0
[2019.12.13-04.22.32:057][  0]LogSlate: Slate User Registered.  User Index 0, Is Virtual User: 0
[2019.12.13-04.22.32:414][  0]LogHMD: Failed to initialize OpenVR with code 105
[2019.12.13-04.22.32:414][  0]LogD3D11RHI: D3D11 adapters:
[2019.12.13-04.22.32:431][  0]LogD3D11RHI:    0. 'Intel(R) HD Graphics 630' (Feature Level 11_0)
[2019.12.13-04.22.32:431][  0]LogD3D11RHI:       128/0/4042 MB DedicatedVideo/DedicatedSystem/SharedSystem, Outputs:2, VendorId:0x8086
[2019.12.13-04.22.32:478][  0]LogD3D11RHI:    1. 'AMD Radeon(TM) RX 560' (Feature Level 11_0)
[2019.12.13-04.22.32:478][  0]LogD3D11RHI:       4044/0/4042 MB DedicatedVideo/DedicatedSystem/SharedSystem, Outputs:0, VendorId:0x1002
[2019.12.13-04.22.32:481][  0]LogD3D11RHI:    2. 'Microsoft Basic Render Driver' (Feature Level 11_0)
[2019.12.13-04.22.32:482][  0]LogD3D11RHI:       0/0/4042 MB DedicatedVideo/DedicatedSystem/SharedSystem, Outputs:0, VendorId:0x1414
[2019.12.13-04.22.32:482][  0]LogD3D11RHI: Chosen D3D11 Adapter: 1
[2019.12.13-04.22.32:500][  0]LogD3D11RHI: Creating new Direct3DDevice
[2019.12.13-04.22.32:500][  0]LogD3D11RHI:     GPU DeviceId: 0x67ef (for the marketing name, search the web for "GPU Device Id")
[2019.12.13-04.22.32:500][  0]LogWindows: EnumDisplayDevices:
[2019.12.13-04.22.32:501][  0]LogWindows:    0. 'Intel(R) HD Graphics 630' (P:1 D:1)
[2019.12.13-04.22.32:501][  0]LogWindows:    1. 'Intel(R) HD Graphics 630' (P:0 D:1)
[2019.12.13-04.22.32:502][  0]LogWindows:    2. 'Intel(R) HD Graphics 630' (P:0 D:0)
[2019.12.13-04.22.32:502][  0]LogWindows: DebugString: PrimaryIsNotTheChoosenAdapter PrimaryIsNotTheChoosenAdapter PrimaryIsNotTheChoosenAdapter FoundDriverCount:0 
[2019.12.13-04.22.32:502][  0]LogD3D11RHI:     Adapter Name: AMD Radeon(TM) RX 560
[2019.12.13-04.22.32:502][  0]LogD3D11RHI:   Driver Version: Unknown (internal:Unknown, unified:Unknown)
[2019.12.13-04.22.32:502][  0]LogD3D11RHI:      Driver Date: Unknown
[2019.12.13-04.22.32:502][  0]LogRHI: Texture pool is 2831 MB (70% of 4044 MB)
[2019.12.13-04.22.32:567][  0]LogD3D11RHI: Async texture creation enabled
[2019.12.13-04.22.32:580][  0]LogD3D11RHI: GPU Timing Frequency: 25.000000 (Debug: 2 1)
[2019.12.13-04.22.33:426][  0]LogTemp: Display: Module 'AllDesktopTargetPlatform' loaded TargetPlatform 'AllDesktop'
[2019.12.13-04.22.33:438][  0]LogTemp: Display: Module 'MacClientTargetPlatform' loaded TargetPlatform 'MacClient'
[2019.12.13-04.22.33:451][  0]LogTemp: Display: Module 'MacNoEditorTargetPlatform' loaded TargetPlatform 'MacNoEditor'
[2019.12.13-04.22.33:463][  0]LogTemp: Display: Module 'MacServerTargetPlatform' loaded TargetPlatform 'MacServer'
[2019.12.13-04.22.33:564][  0]LogTemp: Display: Module 'MacTargetPlatform' loaded TargetPlatform 'Mac'
[2019.12.13-04.22.33:577][  0]LogTemp: Display: Module 'WindowsClientTargetPlatform' loaded TargetPlatform 'WindowsClient'
[2019.12.13-04.22.33:589][  0]LogTemp: Display: Module 'WindowsNoEditorTargetPlatform' loaded TargetPlatform 'WindowsNoEditor'
[2019.12.13-04.22.33:602][  0]LogTemp: Display: Module 'WindowsServerTargetPlatform' loaded TargetPlatform 'WindowsServer'
[2019.12.13-04.22.33:609][  0]LogTemp: Display: Module 'WindowsTargetPlatform' loaded TargetPlatform 'Windows'
[2019.12.13-04.22.33:662][  0]LogTemp: Display: Module 'AndroidTargetPlatform' loaded TargetPlatform 'Android'
[2019.12.13-04.22.33:662][  0]LogTemp: Display: Module 'AndroidTargetPlatform' loaded TargetPlatform 'Android_ASTC'
[2019.12.13-04.22.33:662][  0]LogTemp: Display: Module 'AndroidTargetPlatform' loaded TargetPlatform 'Android_ATC'
[2019.12.13-04.22.33:662][  0]LogTemp: Display: Module 'AndroidTargetPlatform' loaded TargetPlatform 'Android_DXT'
[2019.12.13-04.22.33:662][  0]LogTemp: Display: Module 'AndroidTargetPlatform' loaded TargetPlatform 'Android_ETC1'
[2019.12.13-04.22.33:662][  0]LogTemp: Display: Module 'AndroidTargetPlatform' loaded TargetPlatform 'Android_ETC1a'
[2019.12.13-04.22.33:662][  0]LogTemp: Display: Module 'AndroidTargetPlatform' loaded TargetPlatform 'Android_ETC2'
[2019.12.13-04.22.33:662][  0]LogTemp: Display: Module 'AndroidTargetPlatform' loaded TargetPlatform 'Android_PVRTC'
[2019.12.13-04.22.33:662][  0]LogTemp: Display: Module 'AndroidTargetPlatform' loaded TargetPlatform 'AndroidClient'
[2019.12.13-04.22.33:662][  0]LogTemp: Display: Module 'AndroidTargetPlatform' loaded TargetPlatform 'Android_ASTCClient'
[2019.12.13-04.22.33:662][  0]LogTemp: Display: Module 'AndroidTargetPlatform' loaded TargetPlatform 'Android_ATCClient'
[2019.12.13-04.22.33:662][  0]LogTemp: Display: Module 'AndroidTargetPlatform' loaded TargetPlatform 'Android_DXTClient'
[2019.12.13-04.22.33:662][  0]LogTemp: Display: Module 'AndroidTargetPlatform' loaded TargetPlatform 'Android_ETC1Client'
[2019.12.13-04.22.33:662][  0]LogTemp: Display: Module 'AndroidTargetPlatform' loaded TargetPlatform 'Android_ETC1aClient'
[2019.12.13-04.22.33:662][  0]LogTemp: Display: Module 'AndroidTargetPlatform' loaded TargetPlatform 'Android_ETC2Client'
[2019.12.13-04.22.33:662][  0]LogTemp: Display: Module 'AndroidTargetPlatform' loaded TargetPlatform 'Android_PVRTCClient'
[2019.12.13-04.22.33:662][  0]LogTemp: Display: Module 'AndroidTargetPlatform' loaded TargetPlatform 'Android_Multi'
[2019.12.13-04.22.33:662][  0]LogTemp: Display: Module 'AndroidTargetPlatform' loaded TargetPlatform 'Android_MultiClient'
[2019.12.13-04.22.33:666][  0]LogTemp: Display: Module 'HTML5TargetPlatform' loaded TargetPlatform 'HTML5'
[2019.12.13-04.22.33:693][  0]LogTemp: Display: Module 'IOSTargetPlatform' loaded TargetPlatform 'IOSClient'
[2019.12.13-04.22.33:693][  0]LogTemp: Display: Module 'IOSTargetPlatform' loaded TargetPlatform 'IOS'
[2019.12.13-04.22.33:715][  0]LogTemp: Display: Module 'TVOSTargetPlatform' loaded TargetPlatform 'TVOSClient'
[2019.12.13-04.22.33:715][  0]LogTemp: Display: Module 'TVOSTargetPlatform' loaded TargetPlatform 'TVOS'
[2019.12.13-04.22.33:725][  0]LogTemp: Display: Module 'LinuxClientTargetPlatform' loaded TargetPlatform 'LinuxClient'
[2019.12.13-04.22.33:736][  0]LogTemp: Display: Module 'LinuxNoEditorTargetPlatform' loaded TargetPlatform 'LinuxNoEditor'
[2019.12.13-04.22.33:746][  0]LogTemp: Display: Module 'LinuxServerTargetPlatform' loaded TargetPlatform 'LinuxServer'
[2019.12.13-04.22.33:758][  0]LogTemp: Display: Module 'LinuxTargetPlatform' loaded TargetPlatform 'Linux'
[2019.12.13-04.22.33:793][  0]LogTemp: Display: Module 'LuminTargetPlatform' loaded TargetPlatform 'Lumin'
[2019.12.13-04.22.33:793][  0]LogTemp: Display: Module 'LuminTargetPlatform' loaded TargetPlatform 'LuminClient'
[2019.12.13-04.22.33:793][  0]LogTargetPlatformManager: Display: Building Assets For Windows
[2019.12.13-04.22.33:807][  0]LogAudioDebug: Display: Lib vorbis DLL was dynamically loaded.
[2019.12.13-04.22.33:900][  0]LogShaderCompilers: Guid format shader working directory is -25 characters bigger than the processId version (../../../../../../Users/Hyrek/Desktop/crossyroad-FReAKGames/CrossyRoad/Intermediate/Shaders/WorkingDirectory/12568/).
[2019.12.13-04.22.33:901][  0]LogShaderCompilers: Cleaned the shader compiler working directory 'C:/Users/Hyrek/AppData/Local/Temp/UnrealShaderWorkingDir/158536C648869724A77FF1942F51F239/'.
[2019.12.13-04.22.33:904][  0]LogXGEController: Cannot use XGE Controller as Incredibuild is not installed on this machine.
[2019.12.13-04.22.33:904][  0]LogShaderCompilers: Cannot use XGE Shader Compiler as Incredibuild is not installed on this machine.
[2019.12.13-04.22.33:904][  0]LogShaderCompilers: Display: Using Local Shader Compiler.
[2019.12.13-04.22.34:770][  0]LogDerivedDataCache: Display: Max Cache Size: 512 MB
[2019.12.13-04.22.34:861][  0]LogDerivedDataCache: Loaded boot cache 0.09s 73MB C:/Users/Hyrek/AppData/Local/UnrealEngine/4.23/DerivedDataCache/Boot.ddc.
[2019.12.13-04.22.34:861][  0]LogDerivedDataCache: Display: Loaded Boot cache: C:/Users/Hyrek/AppData/Local/UnrealEngine/4.23/DerivedDataCache/Boot.ddc
[2019.12.13-04.22.34:861][  0]LogDerivedDataCache: FDerivedDataBackendGraph:  Pak pak cache file ../../../../../../Users/Hyrek/Desktop/crossyroad-FReAKGames/CrossyRoad/DerivedDataCache/DDC.ddp not found, will not use a pak cache.
[2019.12.13-04.22.34:861][  0]LogDerivedDataCache: Unable to find inner node Pak for hierarchical cache Hierarchy.
[2019.12.13-04.22.34:861][  0]LogDerivedDataCache: FDerivedDataBackendGraph:  CompressedPak pak cache file ../../../../../../Users/Hyrek/Desktop/crossyroad-FReAKGames/CrossyRoad/DerivedDataCache/Compressed.ddp not found, will not use a pak cache.
[2019.12.13-04.22.34:861][  0]LogDerivedDataCache: Unable to find inner node CompressedPak for hierarchical cache Hierarchy.
[2019.12.13-04.22.34:875][  0]LogDerivedDataCache: Display: Pak cache opened for reading ../../../Engine/DerivedDataCache/Compressed.ddp.
[2019.12.13-04.22.34:876][  0]LogDerivedDataCache: FDerivedDataBackendGraph:  EnterprisePak pak cache file ../../../Enterprise/DerivedDataCache/Compressed.ddp not found, will not use a pak cache.
[2019.12.13-04.22.34:876][  0]LogDerivedDataCache: Unable to find inner node EnterprisePak for hierarchical cache Hierarchy.
[2019.12.13-04.22.34:878][  0]LogDerivedDataCache: Using Local data cache path C:/Users/Hyrek/AppData/Local/UnrealEngine/Common/DerivedDataCache: Writable
[2019.12.13-04.22.34:878][  0]LogDerivedDataCache: Shared data cache path not found in *engine.ini, will not use an Shared cache.
[2019.12.13-04.22.34:878][  0]LogDerivedDataCache: Unable to find inner node Shared for hierarchical cache Hierarchy.
[2019.12.13-04.22.34:903][  0]LogMaterial: Verifying Global Shaders for PCD3D_SM5
[2019.12.13-04.22.34:906][  0]LogSlate: Using FreeType 2.6.0
[2019.12.13-04.22.34:907][  0]LogSlate: SlateFontServices - WITH_FREETYPE: 1, WITH_HARFBUZZ: 1
[2019.12.13-04.22.35:099][  0]LogAssetRegistry: FAssetRegistry took 0.0044 seconds to start up
[2019.12.13-04.22.35:476][  0]LogInit: Selected Device Profile: [Windows]
[2019.12.13-04.22.35:681][  0]LogMeshReduction: Using QuadricMeshReduction for automatic static mesh reduction
[2019.12.13-04.22.35:681][  0]LogMeshReduction: Using SimplygonMeshReduction for automatic skeletal mesh reduction
[2019.12.13-04.22.35:681][  0]LogMeshReduction: Using ProxyLODMeshReduction for automatic mesh merging
[2019.12.13-04.22.35:682][  0]LogMeshReduction: No distributed automatic mesh merging module available
[2019.12.13-04.22.35:682][  0]LogMeshMerging: No distributed automatic mesh merging module available
[2019.12.13-04.22.35:694][  0]LogNetVersion: CrossyRoad 1.0.0, NetCL: 8386587, EngineNetVer: 11, GameNetVer: 0 (Checksum: 3055071226)
[2019.12.13-04.22.36:790][  0]LogPackageLocalizationCache: Processed 12 localized package path(s) for 1 prioritized culture(s) in 0.432701 seconds
[2019.12.13-04.22.36:799][  0]LogUObjectArray: 43444 objects as part of root set at end of initial load.
[2019.12.13-04.22.36:800][  0]LogUObjectAllocator: 7548648 out of 0 bytes used by permanent object pool.
[2019.12.13-04.22.36:800][  0]LogUObjectArray: CloseDisregardForGC: 0/0 objects in disregard for GC pool
[2019.12.13-04.22.39:574][  0]LogTcpMessaging: Initializing TcpMessaging bridge
[2019.12.13-04.22.39:578][  0]LogUdpMessaging: Initializing bridge on interface 0.0.0.0:0 to multicast group 230.0.0.1:6666.
[2019.12.13-04.22.39:659][  0]SourceControl: Source control is disabled
[2019.12.13-04.22.39:659][  0]SourceControl: Source control is disabled
[2019.12.13-04.22.39:662][  0]SourceControl: Source control is disabled
[2019.12.13-04.22.39:664][  0]SourceControl: Source control is disabled
[2019.12.13-04.22.39:973][  0]LogAndroidPermission: UAndroidPermissionCallbackProxy::GetInstance
[2019.12.13-04.22.40:458][  0]LogOcInput: OculusInput pre-init called
[2019.12.13-04.22.40:468][  0]LogWindows: Failed to load 'OVRPlugin.dll' (GetLastError=126)
[2019.12.13-04.22.40:469][  0]LogWindows: File 'OVRPlugin.dll' does not exist
[2019.12.13-04.22.40:555][  0]LogEngine: Initializing Engine...
[2019.12.13-04.22.40:560][  0]LogHMD: Failed to initialize OpenVR with code 105
[2019.12.13-04.22.40:561][  0]LogStats: UGameplayTagsManager::InitializeManager -  0.000 s
[2019.12.13-04.22.40:864][  0]LogInit: Initializing FReadOnlyCVARCache
[2019.12.13-04.22.40:889][  0]LogAIModule: Creating AISystem for world Untitled
[2019.12.13-04.22.40:943][  0]LogInit: XAudio2 using 'Speakers (Realtek High Definition Audio)' : 2 channels at 48 kHz using 32 bits per sample (channel mask 0x3)
[2019.12.13-04.22.40:984][  0]LogInit: FAudioDevice initialized.
[2019.12.13-04.22.40:984][  0]LogNetVersion: Set ProjectVersion to 1.0.0.0. Version Checksum will be recalculated on next use.
[2019.12.13-04.22.44:195][  0]LogDerivedDataCache: Saved boot cache 3.21s 73MB C:/Users/Hyrek/AppData/Local/UnrealEngine/4.23/DerivedDataCache/Boot.ddc.
[2019.12.13-04.22.44:205][  0]LogInit: Texture streaming: Enabled
[2019.12.13-04.22.44:241][  0]LogEngineSessionManager: EngineSessionManager initialized
[2019.12.13-04.22.44:241][  0]LogEditorSessionSummary: Verbose: Initializing EditorSessionSummaryWriter for editor session tracking
[2019.12.13-04.22.44:560][  0]LogEditorSessionSummary: EditorSessionSummaryWriter initialized
[2019.12.13-04.22.44:655][  0]LogInit: Transaction tracking system initialized
[2019.12.13-04.22.44:704][  0]BlueprintLog: New page: Editor Load
[2019.12.13-04.22.44:853][  0]LocalizationService: Localization service is disabled
[2019.12.13-04.22.45:944][  0]LogCook: Display: Max memory allowance for cook 16384mb min free memory 0mb
[2019.12.13-04.22.45:944][  0]LogCook: Display: Mobile HDR setting 1
[2019.12.13-04.22.46:208][  0]SourceControl: Source control is disabled
[2019.12.13-04.22.46:208][  0]Cmd: MAP LOAD FILE="../../../../../../Users/Hyrek/Desktop/crossyroad-FReAKGames/CrossyRoad/Content/StarterContent/Maps/Minimal_Default.umap" TEMPLATE=0 SHOWPROGRESS=1 FEATURELEVEL=3
[2019.12.13-04.22.46:208][  0]LogEditorServer: Warning: Can't find file '../../../../../../Users/Hyrek/Desktop/crossyroad-FReAKGames/CrossyRoad/Content/StarterContent/Maps/Minimal_Default.umap'
[2019.12.13-04.22.46:208][  0]Cmd: MAP CHECKDEP NOCLEARLOG
[2019.12.13-04.22.46:209][  0]MapCheck: Map check complete: 0 Error(s), 0 Warning(s), took 0.203ms to complete.
[2019.12.13-04.22.46:209][  0]LogFileHelpers: Loading map 'Minimal_Default' took 0.001
[2019.12.13-04.22.51:742][  0]LogFileCache: Scanning file cache for directory 'C:/Users/Hyrek/Desktop/crossyroad-FReAKGames/CrossyRoad/Content/' took 2.62s
[2019.12.13-04.22.51:742][  0]LogSlate: Updating window title bar state: overlay mode, drag disabled, window buttons hidden, title bar hidden
[2019.12.13-04.22.51:823][  0]LogSlate: Updating window title bar state: overlay mode, drag disabled, window buttons hidden, title bar hidden
[2019.12.13-04.22.51:830][  0]LogSlate: Updating window title bar state: overlay mode, drag disabled, window buttons hidden, title bar hidden
[2019.12.13-04.22.51:838][  0]LogSlate: Updating window title bar state: overlay mode, drag disabled, window buttons hidden, title bar hidden
[2019.12.13-04.22.52:243][  0]LogCollectionManager: Loaded 0 collections in 0.002913 seconds
[2019.12.13-04.22.52:744][  0]LogFileCache: Scanning file cache for directory 'C:/Users/Hyrek/Desktop/crossyroad-FReAKGames/CrossyRoad/Saved/Collections/' took 0.00s
[2019.12.13-04.22.52:744][  0]LogFileCache: Scanning file cache for directory 'C:/Users/Hyrek/Desktop/crossyroad-FReAKGames/CrossyRoad/Content/Developers/Hyrek/Collections/' took 0.00s
[2019.12.13-04.22.52:744][  0]LogFileCache: Scanning file cache for directory 'C:/Users/Hyrek/Desktop/crossyroad-FReAKGames/CrossyRoad/Content/Collections/' took 0.00s
[2019.12.13-04.22.52:744][  0]LogCollectionManager: Rebuilt the GUID cache for 0 collections in 0.000005 seconds
[2019.12.13-04.22.52:826][  0]LogContentBrowser: Native class hierarchy populated in 0.0113 seconds. Added 2863 classes and 680 folders.
[2019.12.13-04.22.53:209][  0]LogContentBrowser: Native class hierarchy updated for 'WidgetCarousel' in 0.0004 seconds. Added 0 classes and 0 folders.
[2019.12.13-04.22.58:464][  0]LogContentBrowser: Native class hierarchy updated for 'AddContentDialog' in 0.0003 seconds. Added 0 classes and 0 folders.
[2019.12.13-04.22.58:644][  0]LogContentBrowser: Native class hierarchy updated for 'SceneOutliner' in 0.0003 seconds. Added 1 classes and 2 folders.
[2019.12.13-04.23.00:347][  0]LogSlate: Took 0.000331 seconds to synchronously load lazily loaded font '../../../Engine/Content/Slate/Fonts/Roboto-Regular.ttf' (155K)
[2019.12.13-04.23.00:371][  0]LogSlate: Took 0.000348 seconds to synchronously load lazily loaded font '../../../Engine/Content/Slate/Fonts/Roboto-Bold.ttf' (160K)
[2019.12.13-04.23.00:710][  0]LogSlate: Took 0.071709 seconds to synchronously load lazily loaded font '../../../Engine/Content/Editor/Slate/Fonts/FontAwesome.ttf' (139K)
[2019.12.13-04.23.02:052][  0]LogRenderer: Reallocating scene render targets to support 964x436 Format 10 NumSamples 1 (Frame:1).
[2019.12.13-04.23.02:918][  0]LogContentBrowser: Native class hierarchy updated for 'HierarchicalLODOutliner' in 0.0003 seconds. Added 0 classes and 0 folders.
[2019.12.13-04.23.02:918][  0]LogLoad: (Engine Initialization) Total time: 35.59 seconds
[2019.12.13-04.23.02:918][  0]LogLoad: (Engine Initialization) Total Blueprint compile time: 0.00 seconds
[2019.12.13-04.23.03:226][  0]LogContentStreaming: Texture pool size now 1000 MB
[2019.12.13-04.23.04:587][ 11]LogAssetRegistry: Asset discovery search completed in 29.4903 seconds
[2019.12.13-04.23.04:596][ 11]LogCollectionManager: Rebuilt the object cache for 0 collections in 0.000007 seconds (found 0 objects)
[2019.12.13-04.23.04:597][ 11]LogCollectionManager: Fixed up redirectors for 0 collections in 0.000112 seconds (updated 0 objects)
[2019.12.13-04.23.07:472][174]LogSlate: Took 0.010169 seconds to synchronously load lazily loaded font '../../../Engine/Content/Slate/Fonts/Roboto-Light.ttf' (167K)
[2019.12.13-04.23.07:607][175]LogSlate: FSceneViewport::OnFocusLost() reason 0
[2019.12.13-04.23.08:477][220]LogFileCache: Retrieving MD5 hashes for directory 'C:/Users/Hyrek/Desktop/crossyroad-FReAKGames/CrossyRoad/Content/' took 5.43s
[2019.12.13-04.23.09:818][291]LogSlate: Took 0.000370 seconds to synchronously load lazily loaded font '../../../Engine/Content/Slate/Fonts/Roboto-Light.ttf' (167K)
[2019.12.13-04.23.14:964][291]LogAIModule: Creating AISystem for world Test
[2019.12.13-04.23.15:085][291]LogAssetEditorManager: Opening Asset editor for World /Game/Test.Test
[2019.12.13-04.23.15:224][291]LogUObjectHash: Compacting FUObjectHashTables data took   2.39ms
[2019.12.13-04.23.15:225][291]Cmd: MAP LOAD FILE="../../../../../../Users/Hyrek/Desktop/crossyroad-FReAKGames/CrossyRoad/Content/Test.umap" TEMPLATE=0 SHOWPROGRESS=1 FEATURELEVEL=3
[2019.12.13-04.23.15:225][291]LightingResults: New page: Lighting Build
[2019.12.13-04.23.15:229][291]LogContentBrowser: Native class hierarchy updated for 'StatsViewer' in 0.0003 seconds. Added 5 classes and 0 folders.
[2019.12.13-04.23.15:230][291]LoadErrors: New page: Loading map: Test.umap
[2019.12.13-04.23.15:231][291]LogWorld: UWorld::CleanupWorld for Untitled, bSessionEnded=true, bCleanupResources=true
[2019.12.13-04.23.15:231][291]MapCheck: New page: Map Check
[2019.12.13-04.23.15:231][291]LightingResults: New page: Lighting Build
[2019.12.13-04.23.15:260][291]LogUObjectHash: Compacting FUObjectHashTables data took   1.77ms
[2019.12.13-04.23.15:620][291]LogEditorServer: Finished looking for orphan Actors (0.000 secs)
[2019.12.13-04.23.15:653][291]LogUObjectHash: Compacting FUObjectHashTables data took   2.19ms
[2019.12.13-04.23.15:696][291]Cmd: MAP CHECKDEP NOCLEARLOG
[2019.12.13-04.23.15:697][291]MapCheck: Map check complete: 0 Error(s), 0 Warning(s), took 0.355ms to complete.
[2019.12.13-04.23.15:697][291]LogFileHelpers: Loading map 'Test' took 0.473
[2019.12.13-04.23.17:916][384]LogD3D11RHI: Error: agsDriverExtensionsDX11_SetDepthBounds(1,0.000000, 1.000000) returned error code 6. **********PLEASE UPDATE YOUR VIDEO DRIVERS*********
[2019.12.13-04.23.20:527][508]LogTemp: Repeating last play command: New Editor Window (PIE)
[2019.12.13-04.23.20:744][508]LogBlueprintUserMessages: Early PlayInEditor Detection: Level '/Game/Test.Test:PersistentLevel' has LevelScriptBlueprint '/Game/Test.Test:PersistentLevel.Test' with GeneratedClass '/Game/Test.Test_C' with ClassGeneratedBy '/Game/Test.Test:PersistentLevel.Test'
[2019.12.13-04.23.20:797][508]LogPlayLevel: PlayLevel: No blueprints needed recompiling
[2019.12.13-04.23.20:889][508]PIE: New page: PIE session: Test (Dec 12, 2019, 12:23:20 PM)
[2019.12.13-04.23.20:890][508]LogOnline: OSS: Creating online subsystem instance for: NULL
[2019.12.13-04.23.20:915][508]LogPlayLevel: Creating play world package: /Game/UEDPIE_0_Test
[2019.12.13-04.23.20:977][508]LogPlayLevel: PIE: StaticDuplicateObject took: (0.062612s)
[2019.12.13-04.23.20:994][508]LogAIModule: Creating AISystem for world Test
[2019.12.13-04.23.20:994][508]LogPlayLevel: PIE: World Init took: (0.016412s)
[2019.12.13-04.23.20:994][508]LogPlayLevel: PIE: Created PIE world by copying editor world from /Game/Test.Test to /Game/UEDPIE_0_Test.Test (0.079452s)
[2019.12.13-04.23.21:023][508]LogUObjectHash: Compacting FUObjectHashTables data took   1.73ms
[2019.12.13-04.23.21:126][508]LogInit: XAudio2 using 'Speakers (Realtek High Definition Audio)' : 2 channels at 48 kHz using 32 bits per sample (channel mask 0x3)
[2019.12.13-04.23.21:205][508]LogInit: FAudioDevice initialized.
[2019.12.13-04.23.21:359][508]LogSlate: Updating window title bar state: overlay mode, drag disabled, window buttons hidden, title bar hidden
[2019.12.13-04.23.21:421][508]LogLoad: Game class is 'CrossyRoad_C'
[2019.12.13-04.23.21:496][508]LogWorld: Bringing World /Game/UEDPIE_0_Test.Test up for play (max tick rate 60) at 2019.12.12-20.23.21
[2019.12.13-04.23.21:527][508]LogWorld: Bringing up level for play took: 0.031499
[2019.12.13-04.23.21:527][508]LogOnline: OSS: Creating online subsystem instance for: :Context_13
[2019.12.13-04.23.21:626][508]LogContentBrowser: Native class hierarchy updated for 'MovieSceneCapture' in 0.0004 seconds. Added 20 classes and 0 folders.
[2019.12.13-04.23.21:775][508]PIE: Play in editor start time for /Game/UEDPIE_0_Test 2.106
[2019.12.13-04.23.21:775][508]LogBlueprintUserMessages: Late PlayInEditor Detection: Level '/Game/Test.Test:PersistentLevel' has LevelScriptBlueprint '/Game/Test.Test:PersistentLevel.Test' with GeneratedClass '/Game/Test.Test_C' with ClassGeneratedBy '/Game/Test.Test:PersistentLevel.Test'
[2019.12.13-04.23.22:055][509]LogRenderer: Reallocating scene render targets to support 1280x716 Format 10 NumSamples 1 (Frame:1).
[2019.12.13-04.23.28:326][854]LogBlueprintUserMessages: Early EndPlayMap Detection: Level '/Game/Test.Test:PersistentLevel' has LevelScriptBlueprint '/Game/Test.Test:PersistentLevel.Test' with GeneratedClass '/Game/Test.Test_C' with ClassGeneratedBy '/Game/Test.Test:PersistentLevel.Test'
[2019.12.13-04.23.28:372][854]LogSlate: Updating window title bar state: overlay mode, drag disabled, window buttons hidden, title bar hidden
[2019.12.13-04.23.28:372][854]LogWorld: BeginTearingDown for /Game/UEDPIE_0_Test
[2019.12.13-04.23.28:383][854]LogSlate: Window 'CrossyRoad Game Preview Standalone (64-bit/PCD3D_SM5)' being destroyed
[2019.12.13-04.23.28:388][854]LogWorld: UWorld::CleanupWorld for Test, bSessionEnded=true, bCleanupResources=true
[2019.12.13-04.23.28:510][854]LogPlayLevel: Display: Shutting down PIE online subsystems
[2019.12.13-04.23.28:510][854]LogBlueprintUserMessages: Late EndPlayMap Detection: Level '/Game/Test.Test:PersistentLevel' has LevelScriptBlueprint '/Game/Test.Test:PersistentLevel.Test' with GeneratedClass '/Game/Test.Test_C' with ClassGeneratedBy '/Game/Test.Test:PersistentLevel.Test'
[2019.12.13-04.23.28:608][854]LogUObjectHash: Compacting FUObjectHashTables data took   2.38ms
[2019.12.13-04.23.28:655][855]LogPlayLevel: Display: Destroying online subsystem :Context_13
[2019.12.13-04.23.45:379][225]LogTemp: Repeating last play command: New Editor Window (PIE)
[2019.12.13-04.23.45:394][225]LogBlueprintUserMessages: Early PlayInEditor Detection: Level '/Game/Test.Test:PersistentLevel' has LevelScriptBlueprint '/Game/Test.Test:PersistentLevel.Test' with GeneratedClass '/Game/Test.Test_C' with ClassGeneratedBy '/Game/Test.Test:PersistentLevel.Test'
[2019.12.13-04.23.45:394][225]LogPlayLevel: PlayLevel: No blueprints needed recompiling
[2019.12.13-04.23.45:394][225]PIE: New page: PIE session: Test (Dec 12, 2019, 12:23:45 PM)
[2019.12.13-04.23.45:394][225]LogPlayLevel: Creating play world package: /Game/UEDPIE_0_Test
[2019.12.13-04.23.45:399][225]LogPlayLevel: PIE: StaticDuplicateObject took: (0.004568s)
[2019.12.13-04.23.45:400][225]LogAIModule: Creating AISystem for world Test
[2019.12.13-04.23.45:401][225]LogPlayLevel: PIE: World Init took: (0.001402s)
[2019.12.13-04.23.45:401][225]LogPlayLevel: PIE: Created PIE world by copying editor world from /Game/Test.Test to /Game/UEDPIE_0_Test.Test (0.006223s)
[2019.12.13-04.23.45:429][225]LogUObjectHash: Compacting FUObjectHashTables data took   1.75ms
[2019.12.13-04.23.45:456][225]LogInit: XAudio2 using 'Speakers (Realtek High Definition Audio)' : 2 channels at 48 kHz using 32 bits per sample (channel mask 0x3)
[2019.12.13-04.23.45:482][225]LogInit: FAudioDevice initialized.
[2019.12.13-04.23.45:500][225]LogSlate: Updating window title bar state: overlay mode, drag disabled, window buttons hidden, title bar hidden
[2019.12.13-04.23.45:500][225]LogLoad: Game class is 'CrossyRoad_C'
[2019.12.13-04.23.45:502][225]LogWorld: Bringing World /Game/UEDPIE_0_Test.Test up for play (max tick rate 60) at 2019.12.12-20.23.45
[2019.12.13-04.23.45:502][225]LogWorld: Bringing up level for play took: 0.001220
[2019.12.13-04.23.45:502][225]LogOnline: OSS: Creating online subsystem instance for: :Context_14
[2019.12.13-04.23.45:516][225]PIE: Play in editor start time for /Game/UEDPIE_0_Test -0.153
[2019.12.13-04.23.45:517][225]LogBlueprintUserMessages: Late PlayInEditor Detection: Level '/Game/Test.Test:PersistentLevel' has LevelScriptBlueprint '/Game/Test.Test:PersistentLevel.Test' with GeneratedClass '/Game/Test.Test_C' with ClassGeneratedBy '/Game/Test.Test:PersistentLevel.Test'
[2019.12.13-04.23.52:959][638]LogBlueprintUserMessages: Early EndPlayMap Detection: Level '/Game/Test.Test:PersistentLevel' has LevelScriptBlueprint '/Game/Test.Test:PersistentLevel.Test' with GeneratedClass '/Game/Test.Test_C' with ClassGeneratedBy '/Game/Test.Test:PersistentLevel.Test'
[2019.12.13-04.23.52:960][638]LogSlate: Updating window title bar state: overlay mode, drag disabled, window buttons hidden, title bar hidden
[2019.12.13-04.23.52:960][638]LogWorld: BeginTearingDown for /Game/UEDPIE_0_Test
[2019.12.13-04.23.52:976][638]LogSlate: Window 'CrossyRoad Game Preview Standalone (64-bit/PCD3D_SM5)' being destroyed
[2019.12.13-04.23.52:989][638]LogWorld: UWorld::CleanupWorld for Test, bSessionEnded=true, bCleanupResources=true
[2019.12.13-04.23.53:000][638]LogPlayLevel: Display: Shutting down PIE online subsystems
[2019.12.13-04.23.53:001][638]LogBlueprintUserMessages: Late EndPlayMap Detection: Level '/Game/Test.Test:PersistentLevel' has LevelScriptBlueprint '/Game/Test.Test:PersistentLevel.Test' with GeneratedClass '/Game/Test.Test_C' with ClassGeneratedBy '/Game/Test.Test:PersistentLevel.Test'
[2019.12.13-04.23.53:041][638]LogUObjectHash: Compacting FUObjectHashTables data took   1.91ms
[2019.12.13-04.23.53:053][639]LogPlayLevel: Display: Destroying online subsystem :Context_14
[2019.12.13-04.24.03:365][881]LogEditorSessionSummary: EditorSessionSummary sent report. Type=Shutdown, SessionId={60D81E05-4C12-8C3C-E583-B8928487DB7A}
[2019.12.13-04.24.29:296][959]LogUObjectHash: Compacting FUObjectHashTables data took   0.72ms
[2019.12.13-04.24.30:394][959]LogSlate: Window 'CrossyRoad - Unreal Editor' being destroyed
[2019.12.13-04.24.30:396][959]LogWindowsTextInputMethodSystem: Display: IME system now deactivated.
[2019.12.13-04.24.30:701][960]Cmd: QUIT_EDITOR
[2019.12.13-04.24.31:381][960]LogExit: Preparing to exit.
[2019.12.13-04.24.31:669][960]LogActorComponent: UnregisterComponent: (None.None) Not registered. Aborting.
[2019.12.13-04.24.31:669][960]LogActorComponent: UnregisterComponent: (None.None) Not registered. Aborting.
[2019.12.13-04.24.31:669][960]LogActorComponent: UnregisterComponent: (None.None) Not registered. Aborting.
[2019.12.13-04.24.31:723][960]LogWorld: UWorld::CleanupWorld for World_0, bSessionEnded=true, bCleanupResources=true
[2019.12.13-04.24.31:723][960]LogWorld: UWorld::CleanupWorld for World_1, bSessionEnded=true, bCleanupResources=true
[2019.12.13-04.24.31:724][960]LogWorld: UWorld::CleanupWorld for World_2, bSessionEnded=true, bCleanupResources=true
[2019.12.13-04.24.31:724][960]LogWorld: UWorld::CleanupWorld for World_3, bSessionEnded=true, bCleanupResources=true
[2019.12.13-04.24.31:724][960]LogWorld: UWorld::CleanupWorld for World_4, bSessionEnded=true, bCleanupResources=true
[2019.12.13-04.24.31:725][960]LogWorld: UWorld::CleanupWorld for World_5, bSessionEnded=true, bCleanupResources=true
[2019.12.13-04.24.31:726][960]LogWorld: UWorld::CleanupWorld for World_6, bSessionEnded=true, bCleanupResources=true
[2019.12.13-04.24.31:726][960]LogWorld: UWorld::CleanupWorld for World_7, bSessionEnded=true, bCleanupResources=true
[2019.12.13-04.24.31:726][960]LogWorld: UWorld::CleanupWorld for World_8, bSessionEnded=true, bCleanupResources=true
[2019.12.13-04.24.31:726][960]LogWorld: UWorld::CleanupWorld for World_9, bSessionEnded=true, bCleanupResources=true
[2019.12.13-04.24.31:726][960]LogWorld: UWorld::CleanupWorld for World_10, bSessionEnded=true, bCleanupResources=true
[2019.12.13-04.24.31:726][960]LogWorld: UWorld::CleanupWorld for World_11, bSessionEnded=true, bCleanupResources=true
[2019.12.13-04.24.31:761][960]LogDemo: Cleaned up 0 splitscreen connections with owner deletion
[2019.12.13-04.24.31:772][960]LogWorld: UWorld::CleanupWorld for None, bSessionEnded=true, bCleanupResources=true
[2019.12.13-04.24.31:772][960]LogExit: Editor shut down
[2019.12.13-04.24.31:772][960]LogExit: Transaction tracking system shut down
[2019.12.13-04.24.32:078][960]LogExit: Object subsystem successfully closed.
[2019.12.13-04.24.32:102][960]LogShaderCompilers: Display: Shaders left to compile 0
[2019.12.13-04.24.32:169][960]LogModuleManager: Shutting down and abandoning module MovieSceneCapture (672)
[2019.12.13-04.24.32:169][960]LogModuleManager: Shutting down and abandoning module Voice (670)
[2019.12.13-04.24.32:183][960]LogModuleManager: Shutting down and abandoning module StatsViewer (668)
[2019.12.13-04.24.32:183][960]LogModuleManager: Shutting down and abandoning module HierarchicalLODOutliner (666)
[2019.12.13-04.24.32:183][960]LogModuleManager: Shutting down and abandoning module SceneOutliner (664)
[2019.12.13-04.24.32:183][960]LogModuleManager: Shutting down and abandoning module AddContentDialog (662)
[2019.12.13-04.24.32:199][960]LogModuleManager: Shutting down and abandoning module WidgetCarousel (661)
[2019.12.13-04.24.32:199][960]LogModuleManager: Shutting down and abandoning module EditorWidgets (658)
[2019.12.13-04.24.32:199][960]LogModuleManager: Shutting down and abandoning module CollectionManager (656)
[2019.12.13-04.24.32:199][960]LogModuleManager: Shutting down and abandoning module VirtualTexturingEditor (654)
[2019.12.13-04.24.32:199][960]LogModuleManager: Shutting down and abandoning module FoliageEdit (652)
[2019.12.13-04.24.32:199][960]LogModuleManager: Shutting down and abandoning module LandscapeEditor (650)
[2019.12.13-04.24.32:200][960]LogModuleManager: Shutting down and abandoning module MeshPaintMode (648)
[2019.12.13-04.24.32:200][960]LogModuleManager: Shutting down and abandoning module SceneDepthPickerMode (646)
[2019.12.13-04.24.32:200][960]LogModuleManager: Shutting down and abandoning module ActorPickerMode (644)
[2019.12.13-04.24.32:200][960]LogModuleManager: Shutting down and abandoning module GeometryMode (642)
[2019.12.13-04.24.32:200][960]LogModuleManager: Shutting down and abandoning module TextureAlignMode (640)
[2019.12.13-04.24.32:200][960]LogModuleManager: Shutting down and abandoning module BspMode (638)
[2019.12.13-04.24.32:200][960]LogModuleManager: Shutting down and abandoning module PIEPreviewDeviceProfileSelector (636)
[2019.12.13-04.24.32:200][960]LogModuleManager: Shutting down and abandoning module SequenceRecorderSections (634)
[2019.12.13-04.24.32:200][960]LogModuleManager: Shutting down and abandoning module AutomationWorker (632)
[2019.12.13-04.24.32:200][960]LogModuleManager: Shutting down and abandoning module OculusMR (630)
[2019.12.13-04.24.32:200][960]LogModuleManager: Shutting down and abandoning module AudioCaptureEditor (628)
[2019.12.13-04.24.32:200][960]LogModuleManager: Shutting down and abandoning module MatineeToLevelSequence (626)
[2019.12.13-04.24.32:200][960]LogModuleManager: Shutting down and abandoning module LevelSequenceEditor (624)
[2019.12.13-04.24.32:200][960]LogModuleManager: Shutting down and abandoning module PlacementMode (623)
[2019.12.13-04.24.32:200][960]LogModuleManager: Shutting down and abandoning module MaterialEditor (622)
[2019.12.13-04.24.32:200][960]LogModuleManager: Shutting down and abandoning module ActorSequenceEditor (618)
[2019.12.13-04.24.32:200][960]LogModuleManager: Shutting down and abandoning module WmfMediaFactory (616)
[2019.12.13-04.24.32:200][960]LogModuleManager: Shutting down and abandoning module WmfMediaEditor (614)
[2019.12.13-04.24.32:200][960]LogModuleManager: Shutting down and abandoning module WebMMediaFactory (612)
[2019.12.13-04.24.32:200][960]LogModuleManager: Shutting down and abandoning module WebMMediaEditor (610)
[2019.12.13-04.24.32:200][960]LogModuleManager: Shutting down and abandoning module WebMMedia (608)
[2019.12.13-04.24.32:200][960]LogModuleManager: Shutting down and abandoning module MediaPlayerEditor (606)
[2019.12.13-04.24.32:200][960]LogModuleManager: Shutting down and abandoning module MediaCompositingEditor (604)
[2019.12.13-04.24.32:200][960]LogModuleManager: Shutting down and abandoning module SequenceRecorder (603)
[2019.12.13-04.24.32:200][960]LogModuleManager: Shutting down and abandoning module OpenExrWrapper (600)
[2019.12.13-04.24.32:200][960]LogModuleManager: Shutting down and abandoning module ImgMediaFactory (598)
[2019.12.13-04.24.32:200][960]LogModuleManager: Shutting down and abandoning module ImgMediaEditor (596)
[2019.12.13-04.24.32:200][960]LogModuleManager: Shutting down and abandoning module AvfMediaFactory (594)
[2019.12.13-04.24.32:200][960]LogModuleManager: Shutting down and abandoning module AvfMediaEditor (592)
[2019.12.13-04.24.32:200][960]LogModuleManager: Shutting down and abandoning module AndroidMediaFactory (590)
[2019.12.13-04.24.32:200][960]LogModuleManager: Shutting down and abandoning module AndroidMediaEditor (588)
[2019.12.13-04.24.32:200][960]LogModuleManager: Shutting down and abandoning module MagicLeapCameraPreviewFactory (586)
[2019.12.13-04.24.32:200][960]LogModuleManager: Shutting down and abandoning module MagicLeapMediaCodecFactory (584)
[2019.12.13-04.24.32:200][960]LogModuleManager: Shutting down and abandoning module MagicLeapMediaFactory (582)
[2019.12.13-04.24.32:200][960]LogModuleManager: Shutting down and abandoning module MagicLeapMediaEditor (580)
[2019.12.13-04.24.32:200][960]LogModuleManager: Shutting down and abandoning module CharacterAI (578)
[2019.12.13-04.24.32:200][960]LogModuleManager: Shutting down and abandoning module SmartSnapping (576)
[2019.12.13-04.24.32:201][960]LogModuleManager: Shutting down and abandoning module SessionServices (574)
[2019.12.13-04.24.32:201][960]LogModuleManager: Shutting down and abandoning module MeshPaint (572)
[2019.12.13-04.24.32:201][960]LogModuleManager: Shutting down and abandoning module ViewportSnapping (570)
[2019.12.13-04.24.32:201][960]LogModuleManager: Shutting down and abandoning module ViewportInteraction (568)
[2019.12.13-04.24.32:201][960]LogModuleManager: Shutting down and abandoning module ClothPainter (566)
[2019.12.13-04.24.32:201][960]LogModuleManager: Shutting down and abandoning module SkeletalMeshEditor (565)
[2019.12.13-04.24.32:201][960]LogModuleManager: Shutting down and abandoning module LogVisualizer (562)
[2019.12.13-04.24.32:201][960]LogModuleManager: Shutting down and abandoning module IntroTutorials (560)
[2019.12.13-04.24.32:201][960]LogModuleManager: Shutting down and abandoning module GameProjectGeneration (559)
[2019.12.13-04.24.32:201][960]LogModuleManager: Shutting down and abandoning module LuminPlatformEditor (556)
[2019.12.13-04.24.32:201][960]LogModuleManager: Shutting down and abandoning module IOSPlatformEditor (554)
[2019.12.13-04.24.32:201][960]LogModuleManager: Shutting down and abandoning module HTML5PlatformEditor (552)
[2019.12.13-04.24.32:201][960]LogModuleManager: Shutting down and abandoning module AndroidPlatformEditor (550)
[2019.12.13-04.24.32:201][960]LogModuleManager: Shutting down and abandoning module AndroidDeviceDetection (549)
[2019.12.13-04.24.32:995][960]LogModuleManager: Shutting down and abandoning module WindowsPlatformEditor (546)
[2019.12.13-04.24.32:995][960]LogModuleManager: Shutting down and abandoning module LuminRuntimeSettings (544)
[2019.12.13-04.24.32:995][960]LogModuleManager: Shutting down and abandoning module IOSRuntimeSettings (542)
[2019.12.13-04.24.32:995][960]LogModuleManager: Shutting down and abandoning module AndroidRuntimeSettings (540)
[2019.12.13-04.24.32:995][960]LogModuleManager: Shutting down and abandoning module TimeManagementEditor (538)
[2019.12.13-04.24.32:995][960]LogModuleManager: Shutting down and abandoning module InputBindingEditor (536)
[2019.12.13-04.24.32:995][960]LogModuleManager: Shutting down and abandoning module MergeActors (534)
[2019.12.13-04.24.32:995][960]LogModuleManager: Shutting down and abandoning module LocalizationDashboard (532)
[2019.12.13-04.24.32:995][960]LogModuleManager: Shutting down and abandoning module LocalizationService (531)
[2019.12.13-04.24.32:995][960]LogModuleManager: Shutting down and abandoning module HardwareTargeting (528)
[2019.12.13-04.24.32:995][960]LogModuleManager: Shutting down and abandoning module DeviceProfileEditor (526)
[2019.12.13-04.24.32:995][960]LogModuleManager: Shutting down and abandoning module UndoHistory (524)
[2019.12.13-04.24.32:995][960]LogModuleManager: Shutting down and abandoning module XmlParser (522)
[2019.12.13-04.24.32:995][960]LogModuleManager: Shutting down and abandoning module Blutility (520)
[2019.12.13-04.24.32:995][960]LogModuleManager: Shutting down and abandoning module ProjectSettingsViewer (518)
[2019.12.13-04.24.32:996][960]LogModuleManager: Shutting down and abandoning module ProjectTargetPlatformEditor (517)
[2019.12.13-04.24.32:996][960]LogModuleManager: Shutting down and abandoning module EditorSettingsViewer (514)
[2019.12.13-04.24.32:996][960]LogModuleManager: Shutting down and abandoning module SettingsEditor (512)
[2019.12.13-04.24.32:996][960]LogModuleManager: Shutting down and abandoning module ProjectLauncher (510)
[2019.12.13-04.24.32:996][960]LogModuleManager: Shutting down and abandoning module SessionFrontend (508)
[2019.12.13-04.24.32:996][960]LogModuleManager: Shutting down and abandoning module ProfilerClient (506)
[2019.12.13-04.24.32:996][960]LogModuleManager: Shutting down and abandoning module DeviceManager (504)
[2019.12.13-04.24.32:996][960]LogModuleManager: Shutting down and abandoning module TargetDeviceServices (503)
[2019.12.13-04.24.33:043][960]LogModuleManager: Shutting down and abandoning module AutomationController (500)
[2019.12.13-04.24.33:043][960]LogModuleManager: Shutting down and abandoning module AutomationWindow (498)
[2019.12.13-04.24.33:043][960]LogModuleManager: Shutting down and abandoning module Layers (496)
[2019.12.13-04.24.33:043][960]LogModuleManager: Shutting down and abandoning module ComponentVisualizers (494)
[2019.12.13-04.24.33:043][960]LogModuleManager: Shutting down and abandoning module DetailCustomizations (492)
[2019.12.13-04.24.33:043][960]LogModuleManager: Shutting down and abandoning module PackagesDialog (490)
[2019.12.13-04.24.33:043][960]LogModuleManager: Shutting down and abandoning module AnimationBlueprintEditor (488)
[2019.12.13-04.24.33:043][960]LogModuleManager: Shutting down and abandoning module Persona (486)
[2019.12.13-04.24.33:043][960]LogModuleManager: Shutting down and abandoning module AdvancedPreviewScene (485)
[2019.12.13-04.24.33:043][960]LogModuleManager: Shutting down and abandoning module AnimGraph (483)
[2019.12.13-04.24.33:043][960]LogModuleManager: Shutting down and abandoning module Kismet (480)
[2019.12.13-04.24.33:044][960]LogModuleManager: Shutting down and abandoning module KismetWidgets (479)
[2019.12.13-04.24.33:044][960]LogModuleManager: Shutting down and abandoning module GraphEditor (476)
[2019.12.13-04.24.33:044][960]LogModuleManager: Shutting down and abandoning module StructViewer (474)
[2019.12.13-04.24.33:044][960]LogModuleManager: Shutting down and abandoning module ClassViewer (472)
[2019.12.13-04.24.33:044][960]LogModuleManager: Shutting down and abandoning module Toolbox (470)
[2019.12.13-04.24.33:044][960]LogModuleManager: Shutting down and abandoning module ModuleUI (468)
[2019.12.13-04.24.33:044][960]LogModuleManager: Shutting down and abandoning module MovieSceneTools (466)
[2019.12.13-04.24.33:044][960]LogModuleManager: Shutting down and abandoning module OutputLog (464)
[2019.12.13-04.24.33:044][960]LogModuleManager: Shutting down and abandoning module GammaUI (462)
[2019.12.13-04.24.33:044][960]LogModuleManager: Shutting down and abandoning module Documentation (460)
[2019.12.13-04.24.33:045][960]LogModuleManager: Shutting down and abandoning module LiveCoding (458)
[2019.12.13-04.24.33:045][960]LogModuleManager: Shutting down and abandoning module LevelSequence (456)
[2019.12.13-04.24.33:045][960]LogModuleManager: Shutting down and abandoning module MovieSceneTracks (454)
[2019.12.13-04.24.33:045][960]LogModuleManager: Shutting down and abandoning module MovieScene (452)
[2019.12.13-04.24.33:045][960]LogModuleManager: Shutting down and abandoning module StreamingPauseRendering (450)
[2019.12.13-04.24.33:045][960]LogModuleManager: Shutting down and abandoning module LauncherPlatform (448)
[2019.12.13-04.24.33:045][960]LogModuleManager: Shutting down and abandoning module AnalyticsET (446)
[2019.12.13-04.24.33:045][960]LogModuleManager: Shutting down and abandoning module PortalServices (444)
[2019.12.13-04.24.33:045][960]LogModuleManager: Shutting down and abandoning module PortalRpc (442)
[2019.12.13-04.24.33:045][960]LogModuleManager: Shutting down and abandoning module MessagingRpc (440)
[2019.12.13-04.24.33:045][960]LogModuleManager: Shutting down and abandoning module AIModule (438)
[2019.12.13-04.24.33:045][960]LogModuleManager: Shutting down and abandoning module GameplayDebugger (437)
[2019.12.13-04.24.33:045][960]LogModuleManager: Shutting down and abandoning module AITestSuite (435)
[2019.12.13-04.24.33:045][960]LogModuleManager: Shutting down and abandoning module NavigationSystem (433)
[2019.12.13-04.24.33:045][960]LogModuleManager: Shutting down and abandoning module DesktopPlatform (430)
[2019.12.13-04.24.33:045][960]LogModuleManager: Shutting down and abandoning module ImageWriteQueue (428)
[2019.12.13-04.24.33:049][960]LogModuleManager: Shutting down and abandoning module ProfilerService (426)
[2019.12.13-04.24.33:295][960]LogModuleManager: Shutting down and abandoning module TaskGraph (424)
[2019.12.13-04.24.33:296][960]LogModuleManager: Shutting down and abandoning module ScreenshotTools (422)
[2019.12.13-04.24.33:296][960]LogModuleManager: Shutting down and abandoning module SteamVRController (420)
[2019.12.13-04.24.33:296][960]LogModuleManager: Shutting down and abandoning module ProceduralMeshComponentEditor (418)
[2019.12.13-04.24.33:296][960]LogModuleManager: Shutting down and abandoning module ProceduralMeshComponent (416)
[2019.12.13-04.24.33:296][960]LogModuleManager: Shutting down and abandoning module OculusEditor (414)
[2019.12.13-04.24.33:296][960]LogModuleManager: Shutting down and abandoning module OculusInput (412)
[2019.12.13-04.24.33:296][960]LogModuleManager: Shutting down and abandoning module MobilePatchingUtils (410)
[2019.12.13-04.24.33:296][960]LogModuleManager: Shutting down and abandoning module EditableMesh (408)
[2019.12.13-04.24.33:296][960]LogModuleManager: Shutting down and abandoning module CustomMeshComponent (406)
[2019.12.13-04.24.33:296][960]LogModuleManager: Shutting down and abandoning module CableComponent (404)
[2019.12.13-04.24.33:296][960]LogModuleManager: Shutting down and abandoning module AudioCapture (402)
[2019.12.13-04.24.33:296][960]LogModuleManager: Shutting down and abandoning module ArchVisCharacter (400)
[2019.12.13-04.24.33:296][960]LogModuleManager: Shutting down and abandoning module AppleImageUtilsBlueprintSupport (398)
[2019.12.13-04.24.33:296][960]LogModuleManager: Shutting down and abandoning module AppleImageUtils (396)
[2019.12.13-04.24.33:296][960]LogModuleManager: Shutting down and abandoning module AndroidPermission (394)
[2019.12.13-04.24.33:296][960]LogModuleManager: Shutting down and abandoning module NUTUnrealEngine4 (392)
[2019.12.13-04.24.33:296][960]LogModuleManager: Shutting down and abandoning module NetcodeUnitTest (390)
[2019.12.13-04.24.33:296][960]LogModuleManager: Shutting down and abandoning module MediaCompositing (388)
[2019.12.13-04.24.33:296][960]LogModuleManager: Shutting down and abandoning module ImgMedia (386)
[2019.12.13-04.24.33:296][960]LogModuleManager: Shutting down and abandoning module MagicLeapHelperVulkan (384)
[2019.12.13-04.24.33:296][960]LogModuleManager: Shutting down and abandoning module MagicLeapHelperOpenGL (382)
[2019.12.13-04.24.33:296][960]LogModuleManager: Shutting down and abandoning module MagicLeapAudio (380)
[2019.12.13-04.24.33:296][960]LogModuleManager: Shutting down and abandoning module HTML5Networking (378)
[2019.12.13-04.24.33:296][960]LogModuleManager: Shutting down and abandoning module GeometryCacheTracks (376)
[2019.12.13-04.24.33:296][960]LogModuleManager: Shutting down and abandoning module GeometryCacheSequencer (374)
[2019.12.13-04.24.33:296][960]LogModuleManager: Shutting down and abandoning module BackChannel (372)
[2019.12.13-04.24.33:296][960]LogModuleManager: Shutting down and abandoning module AutomationUtilsEditor (370)
[2019.12.13-04.24.33:296][960]LogModuleManager: Shutting down and abandoning module AutomationUtils (368)
[2019.12.13-04.24.33:296][960]LogModuleManager: Shutting down and abandoning module AlembicImporter (366)
[2019.12.13-04.24.33:296][960]LogModuleManager: Shutting down and abandoning module AlembicLibrary (365)
[2019.12.13-04.24.33:296][960]LogModuleManager: Shutting down and abandoning module GeometryCache (364)
[2019.12.13-04.24.33:296][960]LogModuleManager: Shutting down and abandoning module GeometryCacheEd (363)
[2019.12.13-04.24.33:296][960]LogModuleManager: Shutting down and abandoning module VariantManagerContent (358)
[2019.12.13-04.24.33:296][960]LogModuleManager: Shutting down and abandoning module DatasmithContentEditor (356)
[2019.12.13-04.24.33:296][960]LogModuleManager: Shutting down and abandoning module SpeedTreeImporter (354)
[2019.12.13-04.24.33:296][960]LogModuleManager: Shutting down and abandoning module PluginBrowser (352)
[2019.12.13-04.24.33:296][960]LogModuleManager: Shutting down and abandoning module MobileLauncherProfileWizard (350)
[2019.12.13-04.24.33:296][960]LogModuleManager: Shutting down and abandoning module MaterialAnalyzer (348)
[2019.12.13-04.24.33:296][960]LogModuleManager: Shutting down and abandoning module CurveEditorTools (346)
[2019.12.13-04.24.33:296][960]LogModuleManager: Shutting down and abandoning module CurveEditor (345)
[2019.12.13-04.24.33:296][960]LogModuleManager: Shutting down and abandoning module CryptoKeysOpenSSL (342)
[2019.12.13-04.24.33:296][960]LogModuleManager: Shutting down and abandoning module CryptoKeys (340)
[2019.12.13-04.24.33:296][960]LogModuleManager: Shutting down and abandoning module VisualStudioSourceCodeAccess (338)
[2019.12.13-04.24.33:296][960]LogModuleManager: Shutting down and abandoning module VisualStudioCodeSourceCodeAccess (336)
[2019.12.13-04.24.33:296][960]LogModuleManager: Shutting down and abandoning module UObjectPlugin (334)
[2019.12.13-04.24.33:296][960]LogModuleManager: Shutting down and abandoning module SubversionSourceControl (332)
[2019.12.13-04.24.33:296][960]LogModuleManager: Shutting down and abandoning module PerforceSourceControl (330)
[2019.12.13-04.24.33:297][960]LogModuleManager: Shutting down and abandoning module GitSourceControl (328)
[2019.12.13-04.24.33:297][960]LogModuleManager: Shutting down and abandoning module SourceControl (327)
[2019.12.13-04.24.33:297][960]LogModuleManager: Shutting down and abandoning module CLionSourceCodeAccess (324)
[2019.12.13-04.24.33:297][960]LogModuleManager: Shutting down and abandoning module AnimationSharingEd (322)
[2019.12.13-04.24.33:297][960]LogModuleManager: Shutting down and abandoning module ActorLayerUtilitiesEditor (320)
[2019.12.13-04.24.33:297][960]LogModuleManager: Shutting down and abandoning module ActorLayerUtilities (318)
[2019.12.13-04.24.33:297][960]LogModuleManager: Shutting down and abandoning module LightPropagationVolumeEditor (316)
[2019.12.13-04.24.33:297][960]LogModuleManager: Shutting down and abandoning module PaperTiledImporter (314)
[2019.12.13-04.24.33:297][960]LogModuleManager: Shutting down and abandoning module PaperSpriteSheetImporter (312)
[2019.12.13-04.24.33:297][960]LogModuleManager: Shutting down and abandoning module Paper2DEditor (310)
[2019.12.13-04.24.33:297][960]LogModuleManager: Shutting down and abandoning module SignificanceManager (308)
[2019.12.13-04.24.33:297][960]LogModuleManager: Shutting down and abandoning module RuntimePhysXCooking (306)
[2019.12.13-04.24.33:297][960]LogModuleManager: Shutting down and abandoning module PhysXVehiclesEditor (304)
[2019.12.13-04.24.33:297][960]LogModuleManager: Shutting down and abandoning module LocationServicesBPLibrary (300)
[2019.12.13-04.24.33:297][960]LogModuleManager: Shutting down and abandoning module ActorSequence (298)
[2019.12.13-04.24.33:297][960]LogModuleManager: Shutting down and abandoning module UdpMessaging (296)
[2019.12.13-04.24.33:399][960]LogModuleManager: Shutting down and abandoning module TcpMessaging (294)
[2019.12.13-04.24.33:500][960]LogModuleManager: Shutting down and abandoning module MagicLeapIdentity (292)
[2019.12.13-04.24.33:500][960]LogModuleManager: Shutting down and abandoning module MagicLeapSecureStorage (290)
[2019.12.13-04.24.33:500][960]LogModuleManager: Shutting down and abandoning module MagicLeapHandTracking (288)
[2019.12.13-04.24.33:500][960]LogModuleManager: Shutting down and abandoning module MagicLeapEyeTracker (286)
[2019.12.13-04.24.33:500][960]LogModuleManager: Shutting down and abandoning module MagicLeapController (284)
[2019.12.13-04.24.33:500][960]LogSlate: Slate User Destroyed.  User Index 0, Is Virtual User: 0
[2019.12.13-04.24.33:500][960]LogModuleManager: Shutting down and abandoning module MagicLeapAR (282)
[2019.12.13-04.24.33:500][960]LogModuleManager: Shutting down and abandoning module AugmentedReality (281)
[2019.12.13-04.24.33:500][960]LogModuleManager: Shutting down and abandoning module GameplayTagsEditor (278)
[2019.12.13-04.24.33:500][960]LogModuleManager: Shutting down and abandoning module FacialAnimationEditor (276)
[2019.12.13-04.24.33:500][960]LogModuleManager: Shutting down and abandoning module FacialAnimation (274)
[2019.12.13-04.24.33:500][960]LogModuleManager: Shutting down and abandoning module DataValidation (272)
[2019.12.13-04.24.33:500][960]LogModuleManager: Shutting down and abandoning module AssetManagerEditor (270)
[2019.12.13-04.24.33:500][960]LogModuleManager: Shutting down and abandoning module LevelEditor (269)
[2019.12.13-04.24.33:501][960]LogModuleManager: Shutting down and abandoning module PixelInspectorModule (268)
[2019.12.13-04.24.33:501][960]LogModuleManager: Shutting down and abandoning module CommonMenuExtensions (266)
[2019.12.13-04.24.33:501][960]LogModuleManager: Shutting down and abandoning module MainFrame (264)
[2019.12.13-04.24.33:501][960]LogModuleManager: Shutting down and abandoning module HotReload (263)
[2019.12.13-04.24.33:502][960]LogModuleManager: Shutting down and abandoning module ContentBrowser (259)
[2019.12.13-04.24.33:502][960]LogModuleManager: Shutting down and abandoning module TreeMap (257)
[2019.12.13-04.24.33:503][960]LogModuleManager: Shutting down and abandoning module AnimationSharing (254)
[2019.12.13-04.24.33:503][960]LogModuleManager: Shutting down and abandoning module LightPropagationVolumeRuntime (252)
[2019.12.13-04.24.33:503][960]LogModuleManager: Shutting down and abandoning module Paper2D (250)
[2019.12.13-04.24.33:503][960]LogModuleManager: Shutting down and abandoning module WindowsMoviePlayer (248)
[2019.12.13-04.24.33:504][960]LogModuleManager: Shutting down and abandoning module WebMMoviePlayer (246)
[2019.12.13-04.24.33:505][960]LogModuleManager: Shutting down and abandoning module NetworkReplayStreaming (244)
[2019.12.13-04.24.33:505][960]LogModuleManager: Shutting down and abandoning module PacketHandler (242)
[2019.12.13-04.24.33:505][960]LogModuleManager: Shutting down and abandoning module ClothingSystemEditor (240)
[2019.12.13-04.24.33:505][960]LogModuleManager: Shutting down and abandoning module ClothingSystemRuntime (238)
[2019.12.13-04.24.33:505][960]LogModuleManager: Shutting down and abandoning module MediaAssets (236)
[2019.12.13-04.24.33:505][960]LogModuleManager: Shutting down and abandoning module Overlay (234)
[2019.12.13-04.24.33:505][960]LogModuleManager: Shutting down and abandoning module OverlayEditor (233)
[2019.12.13-04.24.33:505][960]LogModuleManager: Shutting down and abandoning module VREditor (230)
[2019.12.13-04.24.33:505][960]LogModuleManager: Shutting down and abandoning module StringTableEditor (228)
[2019.12.13-04.24.33:505][960]LogModuleManager: Shutting down and abandoning module GameplayTasksEditor (226)
[2019.12.13-04.24.33:505][960]LogModuleManager: Shutting down and abandoning module BehaviorTreeEditor (224)
[2019.12.13-04.24.33:505][960]LogModuleManager: Shutting down and abandoning module FunctionalTesting (222)
[2019.12.13-04.24.33:505][960]LogModuleManager: Shutting down and abandoning module CollisionAnalyzer (220)
[2019.12.13-04.24.33:505][960]LogModuleManager: Shutting down and abandoning module WorkspaceMenuStructure (219)
[2019.12.13-04.24.33:505][960]LogModuleManager: Shutting down and abandoning module UMG (216)
[2019.12.13-04.24.33:505][960]LogModuleManager: Shutting down and abandoning module UMGEditor (215)
[2019.12.13-04.24.33:505][960]LogModuleManager: Shutting down and abandoning module Sequencer (214)
[2019.12.13-04.24.33:505][960]LogModuleManager: Shutting down and abandoning module MessageLog (211)
[2019.12.13-04.24.33:505][960]LogModuleManager: Shutting down and abandoning module SlateReflector (206)
[2019.12.13-04.24.33:505][960]LogModuleManager: Shutting down and abandoning module Slate (204)
[2019.12.13-04.24.33:505][960]LogModuleManager: Shutting down and abandoning module LandscapeEditorUtilities (202)
[2019.12.13-04.24.33:505][960]LogModuleManager: Shutting down and abandoning module EditorStyle (200)
[2019.12.13-04.24.33:506][960]LogModuleManager: Shutting down and abandoning module UnrealEd (198)
[2019.12.13-04.24.33:506][960]LogModuleManager: Shutting down and abandoning module MRMesh (196)
[2019.12.13-04.24.33:506][960]LogModuleManager: Shutting down and abandoning module SourceCodeAccess (194)
[2019.12.13-04.24.33:506][960]LogModuleManager: Shutting down and abandoning module HeadMountedDisplay (192)
[2019.12.13-04.24.33:507][960]LogModuleManager: Shutting down and abandoning module XAudio2 (190)
[2019.12.13-04.24.33:507][960]LogModuleManager: Shutting down and abandoning module Networking (188)
[2019.12.13-04.24.33:507][960]LogModuleManager: Shutting down and abandoning module Core (186)
[2019.12.13-04.24.33:507][960]LogModuleManager: Shutting down and abandoning module KismetCompiler (184)
[2019.12.13-04.24.33:507][960]LogModuleManager: Shutting down and abandoning module MeshUtilities (182)
[2019.12.13-04.24.33:507][960]LogModuleManager: Shutting down and abandoning module MeshMergeUtilities (181)
[2019.12.13-04.24.33:507][960]LogModuleManager: Shutting down and abandoning module MeshReductionInterface (180)
[2019.12.13-04.24.33:507][960]LogModuleManager: Shutting down and abandoning module SkeletalMeshReduction (179)
[2019.12.13-04.24.33:507][960]LogModuleManager: Shutting down and abandoning module ProxyLODMeshReduction (177)
[2019.12.13-04.24.33:507][960]LogModuleManager: Shutting down and abandoning module QuadricMeshReduction (175)
[2019.12.13-04.24.33:507][960]LogModuleManager: Shutting down and abandoning module MaterialBaking (171)
[2019.12.13-04.24.33:507][960]LogModuleManager: Shutting down and abandoning module NullInstallBundleManager (166)
[2019.12.13-04.24.33:507][960]LogModuleManager: Shutting down and abandoning module DerivedDataCache (164)
[2019.12.13-04.24.33:900][960]LogDerivedDataCache: Shutdown
[2019.12.13-04.24.33:900][960]LogModuleManager: Shutting down and abandoning module XGEController (162)
[2019.12.13-04.24.33:900][960]LogModuleManager: Shutting down and abandoning module TargetPlatform (160)
[2019.12.13-04.24.33:900][960]LogModuleManager: Shutting down and abandoning module VulkanShaderFormat (159)
[2019.12.13-04.24.33:900][960]LogModuleManager: Shutting down and abandoning module ShaderFormatVectorVM (157)
[2019.12.13-04.24.33:900][960]LogModuleManager: Shutting down and abandoning module ShaderFormatOpenGL (155)
[2019.12.13-04.24.33:900][960]LogModuleManager: Shutting down and abandoning module ShaderFormatD3D (153)
[2019.12.13-04.24.33:900][960]LogModuleManager: Shutting down and abandoning module MetalShaderFormat (151)
[2019.12.13-04.24.33:900][960]LogModuleManager: Shutting down and abandoning module TextureFormatUncompressed (149)
[2019.12.13-04.24.33:900][960]LogModuleManager: Shutting down and abandoning module TextureFormatPVR (147)
[2019.12.13-04.24.33:900][960]LogModuleManager: Shutting down and abandoning module TextureFormatDXT (145)
[2019.12.13-04.24.33:900][960]LogModuleManager: Shutting down and abandoning module TextureFormatIntelISPCTexComp (143)
[2019.12.13-04.24.33:900][960]LogModuleManager: Shutting down and abandoning module TextureFormatASTC (141)
[2019.12.13-04.24.33:901][960]LogModuleManager: Shutting down and abandoning module ImageWrapper (140)
[2019.12.13-04.24.33:901][960]LogModuleManager: Shutting down and abandoning module TextureFormatAndroid (137)
[2019.12.13-04.24.33:901][960]LogModuleManager: Shutting down and abandoning module AudioFormatOpus (135)
[2019.12.13-04.24.33:901][960]LogModuleManager: Shutting down and abandoning module AudioFormatOgg (133)
[2019.12.13-04.24.33:901][960]LogModuleManager: Shutting down and abandoning module AudioFormatADPCM (131)
[2019.12.13-04.24.33:901][960]LogModuleManager: Shutting down and abandoning module LuminTargetPlatform (129)
[2019.12.13-04.24.33:901][960]LogModuleManager: Shutting down and abandoning module LinuxTargetPlatform (127)
[2019.12.13-04.24.33:901][960]LogModuleManager: Shutting down and abandoning module LinuxServerTargetPlatform (125)
[2019.12.13-04.24.33:901][960]LogModuleManager: Shutting down and abandoning module LinuxNoEditorTargetPlatform (123)
[2019.12.13-04.24.33:901][960]LogModuleManager: Shutting down and abandoning module LinuxClientTargetPlatform (121)
[2019.12.13-04.24.33:901][960]LogModuleManager: Shutting down and abandoning module TVOSTargetPlatform (119)
[2019.12.13-04.24.33:902][960]LogModuleManager: Shutting down and abandoning module Messaging (117)
[2019.12.13-04.24.33:902][960]LogModuleManager: Shutting down and abandoning module IOSTargetPlatform (115)
[2019.12.13-04.24.33:903][960]LogModuleManager: Shutting down and abandoning module HTML5TargetPlatform (113)
[2019.12.13-04.24.33:903][960]LogModuleManager: Shutting down and abandoning module AndroidTargetPlatform (111)
[2019.12.13-04.24.33:910][960]LogModuleManager: Shutting down and abandoning module WindowsTargetPlatform (109)
[2019.12.13-04.24.33:910][960]LogModuleManager: Shutting down and abandoning module WindowsServerTargetPlatform (107)
[2019.12.13-04.24.33:910][960]LogModuleManager: Shutting down and abandoning module WindowsNoEditorTargetPlatform (105)
[2019.12.13-04.24.33:910][960]LogModuleManager: Shutting down and abandoning module WindowsClientTargetPlatform (103)
[2019.12.13-04.24.33:910][960]LogModuleManager: Shutting down and abandoning module MacTargetPlatform (101)
[2019.12.13-04.24.33:910][960]LogModuleManager: Shutting down and abandoning module MacServerTargetPlatform (99)
[2019.12.13-04.24.33:910][960]LogModuleManager: Shutting down and abandoning module MacNoEditorTargetPlatform (97)
[2019.12.13-04.24.33:910][960]LogModuleManager: Shutting down and abandoning module MacClientTargetPlatform (95)
[2019.12.13-04.24.33:910][960]LogModuleManager: Shutting down and abandoning module AllDesktopTargetPlatform (93)
[2019.12.13-04.24.33:910][960]LogModuleManager: Shutting down and abandoning module InputCore (90)
[2019.12.13-04.24.33:910][960]LogModuleManager: Shutting down and abandoning module Settings (88)
[2019.12.13-04.24.33:910][960]LogModuleManager: Shutting down and abandoning module DirectoryWatcher (86)
[2019.12.13-04.24.33:911][960]LogModuleManager: Shutting down and abandoning module PhysXCooking (84)
[2019.12.13-04.24.33:911][960]LogModuleManager: Shutting down and abandoning module WindowsPlatformFeatures (82)
[2019.12.13-04.24.33:911][960]LogModuleManager: Shutting down and abandoning module GameplayMediaEncoder (81)
[2019.12.13-04.24.33:911][960]LogModuleManager: Shutting down and abandoning module SteamVR (78)
[2019.12.13-04.24.33:911][960]LogHMD: Freeing OpenVRDLLHandle.
[2019.12.13-04.24.33:911][960]LogModuleManager: Shutting down and abandoning module OculusHMD (76)
[2019.12.13-04.24.33:911][960]LogModuleManager: Shutting down and abandoning module ExampleDeviceProfileSelector (74)
[2019.12.13-04.24.33:911][960]LogModuleManager: Shutting down and abandoning module LauncherChunkInstaller (72)
[2019.12.13-04.24.33:911][960]LogModuleManager: Shutting down and abandoning module OnlineBlueprintSupport (70)
[2019.12.13-04.24.33:911][960]LogModuleManager: Shutting down and abandoning module OnlineSubsystem (66)
[2019.12.13-04.24.33:912][960]LogModuleManager: Shutting down and abandoning module XMPP (61)
[2019.12.13-04.24.33:912][960]LogModuleManager: Shutting down and abandoning module WebSockets (60)
[2019.12.13-04.24.33:945][960]LogModuleManager: Shutting down and abandoning module HTTP (57)
[2019.12.13-04.24.33:945][960]LogHttp: Display: Http module shutting down, but needs to wait on 1 outstanding Http requests:
[2019.12.13-04.24.33:946][960]LogHttp: Display: 	verb=[POST] url=[https://datarouter.ol.epicgames.com/datarouter/api/v1/public/data?SessionID=%7B205CDDC6-455E-D328-47B9-9AB246CF5D78%7D&AppID=UEEditor.Rocket.Release&AppVersion=4.23.1-9631420%2B%2B%2BUE4%2BRelease-4.23&UserID=35a62f3b4dbd053ce28eef8d5781dd87%7Cb3ded4d070a541e7ac54f079e708bd4b%7Cb45d28d5-02a4-4fe1-a1a8-54a30424a7aa&AppEnvironment=datacollector-binary&UploadType=eteventstream] status=Processing
[2019.12.13-04.24.33:970][960]LogModuleManager: Shutting down and abandoning module SSL (56)
[2019.12.13-04.24.33:977][960]LogModuleManager: Shutting down and abandoning module WmfMedia (52)
[2019.12.13-04.24.33:983][960]LogModuleManager: Shutting down and abandoning module Media (51)
[2019.12.13-04.24.33:984][960]LogModuleManager: Shutting down and abandoning module MagicLeap (48)
[2019.12.13-04.24.33:984][960]LogModuleManager: Shutting down and abandoning module DatasmithContent (46)
[2019.12.13-04.24.33:986][960]LogModuleManager: Shutting down and abandoning module AISupportModule (44)
[2019.12.13-04.24.33:986][960]LogModuleManager: Shutting down and abandoning module PlatformCryptoOpenSSL (42)
[2019.12.13-04.24.33:986][960]LogModuleManager: Shutting down and abandoning module PlatformCrypto (40)
[2019.12.13-04.24.33:986][960]LogModuleManager: Shutting down and abandoning module AnimationModifiers (38)
[2019.12.13-04.24.33:986][960]LogModuleManager: Shutting down and abandoning module PropertyEditor (37)
[2019.12.13-04.24.33:986][960]LogModuleManager: Shutting down and abandoning module AudioEditor (34)
[2019.12.13-04.24.33:986][960]LogModuleManager: Shutting down and abandoning module TextureCompressor (32)
[2019.12.13-04.24.33:986][960]LogModuleManager: Shutting down and abandoning module RenderCore (30)
[2019.12.13-04.24.33:986][960]LogModuleManager: Shutting down and abandoning module Landscape (28)
[2019.12.13-04.24.33:986][960]LogModuleManager: Shutting down and abandoning module SlateRHIRenderer (26)
[2019.12.13-04.24.33:988][960]LogModuleManager: Shutting down and abandoning module OpenGLDrv (24)
[2019.12.13-04.24.33:988][960]LogModuleManager: Shutting down and abandoning module D3D11RHI (22)
[2019.12.13-04.24.33:988][960]LogModuleManager: Shutting down and abandoning module AnimGraphRuntime (20)
[2019.12.13-04.24.33:988][960]LogModuleManager: Shutting down and abandoning module Renderer (18)
[2019.12.13-04.24.33:988][960]LogModuleManager: Shutting down and abandoning module Engine (16)
[2019.12.13-04.24.33:988][960]LogModuleManager: Shutting down and abandoning module CoreUObject (14)
[2019.12.13-04.24.33:988][960]LogModuleManager: Shutting down and abandoning module NetworkFile (12)
[2019.12.13-04.24.33:988][960]LogModuleManager: Shutting down and abandoning module CookedIterativeFile (10)
[2019.12.13-04.24.33:988][960]LogModuleManager: Shutting down and abandoning module StreamingFile (8)
[2019.12.13-04.24.33:988][960]LogModuleManager: Shutting down and abandoning module SandboxFile (6)
[2019.12.13-04.24.33:988][960]LogModuleManager: Shutting down and abandoning module PakFile (4)
[2019.12.13-04.24.33:988][960]LogModuleManager: Shutting down and abandoning module RSA (3)
[2019.12.13-04.24.33:992][960]LogD3D11RHI: Shutdown
[2019.12.13-04.24.33:992][960]LogD3D11RHI: CleanupD3DDevice
[2019.12.13-04.24.33:993][960]LogRendererCore: FGlobalDynamicReadBuffer::Cleanup()
[2019.12.13-04.24.33:994][960]LogRendererCore: FGlobalDynamicReadBuffer::Cleanup()
[2019.12.13-04.24.33:994][960]LogRendererCore: FGlobalDynamicReadBuffer::Cleanup()
[2019.12.13-04.24.34:387][960]LogD3D11RHI: ~FD3D11DynamicRHI
[2019.12.13-04.24.34:395][960]LogExit: Exiting.
[2019.12.13-04.24.35:135][960]Log file closed, 12/12/19 20:24:35
