Log file open, 11/29/19 14:00:08
LogWindows: Failed to load 'aqProf.dll' (GetLastError=126)
LogWindows: File 'aqProf.dll' does not exist
LogWindows: Failed to load 'VtuneApi.dll' (GetLastError=126)
LogWindows: File 'VtuneApi.dll' does not exist
LogWindows: Failed to load 'VtuneApi32e.dll' (GetLastError=126)
LogWindows: File 'VtuneApi32e.dll' does not exist
LogConsoleResponse: Display: Failed to find resolution value strings in scalability ini. Falling back to default.
LogInit: Display: Running engine for game: CrossyRoad
LogPlatformFile: Not using cached read wrapper
LogTaskGraph: Started task graph with 5 named threads and 14 total threads with 3 sets of task threads.
LogStats: Stats thread started at 0.104612
LogD3D11RHI: Loaded GFSDK_Aftermath_Lib.x64.dll
LogICUInternationalization: ICU TimeZone Detection - Raw Offset: -8:00, Platform Override: ''
LogPluginManager: Mounting plugin Paper2D
LogPluginManager: Mounting plugin AISupport
LogPluginManager: Mounting plugin LightPropagationVolume
LogPluginManager: Mounting plugin ActorLayerUtilities
LogPluginManager: Mounting plugin AnimationSharing
LogPluginManager: Mounting plugin CLionSourceCodeAccess
LogPluginManager: Mounting plugin CodeLiteSourceCodeAccess
LogPluginManager: Mounting plugin GitSourceControl
LogPluginManager: Mounting plugin KDevelopSourceCodeAccess
LogPluginManager: Mounting plugin NullSourceCodeAccess
LogPluginManager: Mounting plugin PerforceSourceControl
LogPluginManager: Mounting plugin SubversionSourceControl
LogPluginManager: Mounting plugin UObjectPlugin
LogPluginManager: Mounting plugin VisualStudioCodeSourceCodeAccess
LogPluginManager: Mounting plugin VisualStudioSourceCodeAccess
LogPluginManager: Mounting plugin XCodeSourceCodeAccess
LogPluginManager: Mounting plugin AssetManagerEditor
LogPluginManager: Mounting plugin CryptoKeys
LogPluginManager: Mounting plugin CurveEditorTools
LogPluginManager: Mounting plugin DataValidation
LogPluginManager: Mounting plugin FacialAnimation
LogPluginManager: Mounting plugin GameplayTagsEditor
LogPluginManager: Mounting plugin MacGraphicsSwitching
LogPluginManager: Mounting plugin MaterialAnalyzer
LogPluginManager: Mounting plugin MobileLauncherProfileWizard
LogPluginManager: Mounting plugin PluginBrowser
LogPluginManager: Mounting plugin SpeedTreeImporter
LogPluginManager: Mounting plugin DatasmithContent
LogPluginManager: Mounting plugin VariantManagerContent
LogPluginManager: Mounting plugin AlembicImporter
LogPluginManager: Mounting plugin AutomationUtils
LogPluginManager: Mounting plugin BackChannel
LogPluginManager: Mounting plugin CharacterAI
LogPluginManager: Mounting plugin GeometryCache
LogPluginManager: Mounting plugin HTML5Networking
LogPluginManager: Mounting plugin PlatformCrypto
LogPluginManager: Mounting plugin ProxyLODPlugin
LogPluginManager: Mounting plugin SkeletalReduction
LogPluginManager: Mounting plugin MagicLeap
LogPluginManager: Mounting plugin MagicLeapMedia
LogPluginManager: Mounting plugin AndroidMedia
LogPluginManager: Mounting plugin AvfMedia
LogPluginManager: Mounting plugin ImgMedia
LogPluginManager: Mounting plugin MediaCompositing
LogPluginManager: Mounting plugin MediaPlayerEditor
LogPluginManager: Mounting plugin WebMMedia
LogPluginManager: Mounting plugin WmfMedia
LogPluginManager: Mounting plugin TcpMessaging
LogPluginManager: Mounting plugin UdpMessaging
LogPluginManager: Mounting plugin ActorSequence
LogPluginManager: Mounting plugin LevelSequenceEditor
LogPluginManager: Mounting plugin MatineeToLevelSequence
LogPluginManager: Mounting plugin NetcodeUnitTest
LogPluginManager: Mounting plugin NUTUnrealEngine4
LogPluginManager: Mounting plugin OnlineSubsystemGooglePlay
LogPluginManager: Mounting plugin OnlineSubsystemIOS
LogPluginManager: Mounting plugin OnlineSubsystem
LogPluginManager: Mounting plugin OnlineSubsystemNull
LogPluginManager: Mounting plugin OnlineSubsystemUtils
LogPluginManager: Mounting plugin LauncherChunkInstaller
LogPluginManager: Mounting plugin AndroidDeviceProfileSelector
LogPluginManager: Mounting plugin AndroidMoviePlayer
LogPluginManager: Mounting plugin AndroidPermission
LogPluginManager: Mounting plugin AppleImageUtils
LogPluginManager: Mounting plugin AppleMoviePlayer
LogPluginManager: Mounting plugin ArchVisCharacter
LogPluginManager: Mounting plugin AudioCapture
LogPluginManager: Mounting plugin CableComponent
LogPluginManager: Mounting plugin CustomMeshComponent
LogPluginManager: Mounting plugin EditableMesh
LogPluginManager: Mounting plugin ExampleDeviceProfileSelector
LogPluginManager: Mounting plugin GoogleCloudMessaging
LogPluginManager: Mounting plugin IOSDeviceProfileSelector
LogPluginManager: Mounting plugin LinuxDeviceProfileSelector
LogPluginManager: Mounting plugin LocationServicesBPLibrary
LogPluginManager: Mounting plugin MobilePatchingUtils
LogPluginManager: Mounting plugin OculusVR
LogPluginManager: Mounting plugin PhysXVehicles
LogPluginManager: Mounting plugin ProceduralMeshComponent
LogPluginManager: Mounting plugin RuntimePhysXCooking
LogPluginManager: Mounting plugin SignificanceManager
LogPluginManager: Mounting plugin SteamVR
LogPluginManager: Mounting plugin WebMMoviePlayer
LogPluginManager: Mounting plugin WindowsMoviePlayer
LogPluginManager: Mounting plugin ScreenshotTools
LogInit: Using libcurl 7.55.1-DEV
LogInit:  - built for x86_64-pc-win32
LogInit:  - supports SSL with OpenSSL/1.1.1
LogInit:  - supports HTTP deflate (compression) using libz 1.2.8
LogInit:  - other features:
LogInit:      CURL_VERSION_SSL
LogInit:      CURL_VERSION_LIBZ
LogInit:      CURL_VERSION_IPV6
LogInit:      CURL_VERSION_ASYNCHDNS
LogInit:      CURL_VERSION_LARGEFILE
LogInit:      CURL_VERSION_IDN
LogInit:  CurlRequestOptions (configurable via config and command line):
LogInit:  - bVerifyPeer = true  - Libcurl will verify peer certificate
LogInit:  - bUseHttpProxy = false  - Libcurl will NOT use HTTP proxy
LogInit:  - bDontReuseConnections = false  - Libcurl will reuse connections
LogInit:  - MaxHostConnections = 16  - Libcurl will limit the number of connections to a host
LogInit:  - LocalHostAddr = Default
LogInit:  - BufferSize = 65536
LogOnline: OSS: Creating online subsystem instance for: NULL
LogInit: WinSock: version 1.1 (2.2), MaxSocks=32767, MaxUdp=65467
LogInit: Build: ++UE4+Release-4.23-CL-9631420
LogInit: Engine Version: 4.23.1-9631420+++UE4+Release-4.23
LogInit: Compatible Engine Version: 4.23.0-8386587+++UE4+Release-4.23
LogInit: Net CL: 8386587
LogInit: OS: Windows 10 (Release 1809) (), CPU: Intel(R) Core(TM) i5-7300HQ CPU @ 2.50GHz, GPU: Intel(R) HD Graphics 630
LogInit: Compiled (64-bit): Oct 18 2019 02:07:44
LogInit: Compiled with Visual C++: 19.16.27030.01
LogInit: Build Configuration: Development
LogInit: Branch Name: ++UE4+Release-4.23
LogInit: Command Line: 
LogInit: Base Directory: C:/Program Files/Epic Games/UE_4.23/Engine/Binaries/Win64/
LogInit: Installed Engine Build: 1
LogDevObjectVersion: Number of dev versions registered: 23
LogDevObjectVersion:   Dev-Blueprints (B0D832E4-1F89-4F0D-ACCF-7EB736FD4AA2): 10
LogDevObjectVersion:   Dev-Build (E1C64328-A22C-4D53-A36C-8E866417BD8C): 0
LogDevObjectVersion:   Dev-Core (375EC13C-06E4-48FB-B500-84F0262A717E): 3
LogDevObjectVersion:   Dev-Editor (E4B068ED-F494-42E9-A231-DA0B2E46BB41): 34
LogDevObjectVersion:   Dev-Framework (CFFC743F-43B0-4480-9391-14DF171D2073): 35
LogDevObjectVersion:   Dev-Mobile (B02B49B5-BB20-44E9-A304-32B752E40360): 2
LogDevObjectVersion:   Dev-Networking (A4E4105C-59A1-49B5-A7C5-40C4547EDFEE): 0
LogDevObjectVersion:   Dev-Online (39C831C9-5AE6-47DC-9A44-9C173E1C8E7C): 0
LogDevObjectVersion:   Dev-Physics (78F01B33-EBEA-4F98-B9B4-84EACCB95AA2): 0
LogDevObjectVersion:   Dev-Platform (6631380F-2D4D-43E0-8009-CF276956A95A): 0
LogDevObjectVersion:   Dev-Rendering (12F88B9F-8875-4AFC-A67C-D90C383ABD29): 31
LogDevObjectVersion:   Dev-Sequencer (7B5AE74C-D270-4C10-A958-57980B212A5A): 11
LogDevObjectVersion:   Dev-VR (D7296918-1DD6-4BDD-9DE2-64A83CC13884): 2
LogDevObjectVersion:   Dev-LoadTimes (C2A15278-BFE7-4AFE-6C17-90FF531DF755): 1
LogDevObjectVersion:   Private-Geometry (6EACA3D4-40EC-4CC1-B786-8BED09428FC5): 3
LogDevObjectVersion:   Dev-AnimPhys (29E575DD-E0A3-4627-9D10-D276232CDCEA): 17
LogDevObjectVersion:   Dev-Anim (AF43A65D-7FD3-4947-9873-3E8ED9C1BB05): 2
LogDevObjectVersion:   Dev-ReflectionCapture (6B266CEC-1EC7-4B8F-A30B-E4D90942FC07): 1
LogDevObjectVersion:   Dev-Automation (0DF73D61-A23F-47EA-B727-89E90C41499A): 1
LogDevObjectVersion:   FortniteMain (601D1886-AC64-4F84-AA16-D3DE0DEAC7D6): 27
LogDevObjectVersion:   Dev-Enterprise (9DFFBCD6-494F-0158-E221-12823C92A888): 6
LogDevObjectVersion:   Dev-Niagara (F2AED0AC-9AFE-416F-8664-AA7FFA26D6FC): 1
LogDevObjectVersion:   Dev-Destruction (174F1F0B-B4C6-45A5-B13F-2EE8D0FB917D): 9
LogInit: Presizing for max 16777216 objects, including 0 objects not considered by GC, pre-allocating 0 bytes for permanent pool.
LogInit: Object subsystem initialized
LogConfig: Setting CVar [[con.DebugEarlyDefault:1]]
LogConfig: Setting CVar [[r.setres:1280x720]]
[2019.11.29-22.00.08:736][  0]LogConfig: Setting CVar [[r.VSync:0]]
[2019.11.29-22.00.08:736][  0]LogConfig: Setting CVar [[r.RHICmdBypass:0]]
[2019.11.29-22.00.08:736][  0]LogConfig: Applying CVar settings from Section [/Script/Engine.RendererSettings] File [C:/Users/Hyrek/Desktop/crossyroad-FReAKGames/CrossyRoad/Saved/Config/Windows/Engine.ini]
[2019.11.29-22.00.08:736][  0]LogConfig: Setting CVar [[r.GPUCrashDebugging:0]]
[2019.11.29-22.00.08:736][  0]LogConfig: Setting CVar [[r.DefaultFeature.AutoExposure.ExtendDefaultLuminanceRange:1]]
[2019.11.29-22.00.08:736][  0]LogConfig: Applying CVar settings from Section [/Script/Engine.RendererOverrideSettings] File [C:/Users/Hyrek/Desktop/crossyroad-FReAKGames/CrossyRoad/Saved/Config/Windows/Engine.ini]
[2019.11.29-22.00.08:736][  0]LogConfig: Applying CVar settings from Section [/Script/Engine.StreamingSettings] File [C:/Users/Hyrek/Desktop/crossyroad-FReAKGames/CrossyRoad/Saved/Config/Windows/Engine.ini]
[2019.11.29-22.00.08:736][  0]LogConfig: Setting CVar [[s.MinBulkDataSizeForAsyncLoading:131072]]
[2019.11.29-22.00.08:736][  0]LogConfig: Setting CVar [[s.AsyncLoadingThreadEnabled:0]]
[2019.11.29-22.00.08:736][  0]LogConfig: Setting CVar [[s.EventDrivenLoaderEnabled:1]]
[2019.11.29-22.00.08:736][  0]LogConfig: Setting CVar [[s.WarnIfTimeLimitExceeded:0]]
[2019.11.29-22.00.08:736][  0]LogConfig: Setting CVar [[s.TimeLimitExceededMultiplier:1.5]]
[2019.11.29-22.00.08:736][  0]LogConfig: Setting CVar [[s.TimeLimitExceededMinTime:0.005]]
[2019.11.29-22.00.08:736][  0]LogConfig: Setting CVar [[s.UseBackgroundLevelStreaming:1]]
[2019.11.29-22.00.08:736][  0]LogConfig: Setting CVar [[s.PriorityAsyncLoadingExtraTime:15.0]]
[2019.11.29-22.00.08:736][  0]LogConfig: Setting CVar [[s.LevelStreamingActorsUpdateTimeLimit:5.0]]
[2019.11.29-22.00.08:736][  0]LogConfig: Setting CVar [[s.PriorityLevelStreamingActorsUpdateExtraTime:5.0]]
[2019.11.29-22.00.08:736][  0]LogConfig: Setting CVar [[s.LevelStreamingComponentsRegistrationGranularity:10]]
[2019.11.29-22.00.08:737][  0]LogConfig: Setting CVar [[s.UnregisterComponentsTimeLimit:1.0]]
[2019.11.29-22.00.08:737][  0]LogConfig: Setting CVar [[s.LevelStreamingComponentsUnregistrationGranularity:5]]
[2019.11.29-22.00.08:737][  0]LogConfig: Applying CVar settings from Section [/Script/Engine.GarbageCollectionSettings] File [C:/Users/Hyrek/Desktop/crossyroad-FReAKGames/CrossyRoad/Saved/Config/Windows/Engine.ini]
[2019.11.29-22.00.08:737][  0]LogConfig: Setting CVar [[gc.MaxObjectsNotConsideredByGC:1]]
[2019.11.29-22.00.08:737][  0]LogConfig: Setting CVar [[gc.SizeOfPermanentObjectPool:0]]
[2019.11.29-22.00.08:737][  0]LogConfig: Setting CVar [[gc.FlushStreamingOnGC:0]]
[2019.11.29-22.00.08:737][  0]LogConfig: Setting CVar [[gc.NumRetriesBeforeForcingGC:10]]
[2019.11.29-22.00.08:737][  0]LogConfig: Setting CVar [[gc.AllowParallelGC:1]]
[2019.11.29-22.00.08:737][  0]LogConfig: Setting CVar [[gc.TimeBetweenPurgingPendingKillObjects:61.1]]
[2019.11.29-22.00.08:737][  0]LogConfig: Setting CVar [[gc.MaxObjectsInEditor:16777216]]
[2019.11.29-22.00.08:737][  0]LogConfig: Setting CVar [[gc.IncrementalBeginDestroyEnabled:1]]
[2019.11.29-22.00.08:737][  0]LogConfig: Setting CVar [[gc.CreateGCClusters:1]]
[2019.11.29-22.00.08:737][  0]LogConfig: Setting CVar [[gc.MinGCClusterSize:5]]
[2019.11.29-22.00.08:737][  0]LogConfig: Setting CVar [[gc.ActorClusteringEnabled:0]]
[2019.11.29-22.00.08:737][  0]LogConfig: Setting CVar [[gc.BlueprintClusteringEnabled:0]]
[2019.11.29-22.00.08:737][  0]LogConfig: Setting CVar [[gc.UseDisregardForGCOnDedicatedServers:0]]
[2019.11.29-22.00.08:737][  0]LogConfig: Applying CVar settings from Section [/Script/Engine.NetworkSettings] File [C:/Users/Hyrek/Desktop/crossyroad-FReAKGames/CrossyRoad/Saved/Config/Windows/Engine.ini]
[2019.11.29-22.00.08:737][  0]LogConfig: Applying CVar settings from Section [/Script/UnrealEd.CookerSettings] File [C:/Users/Hyrek/Desktop/crossyroad-FReAKGames/CrossyRoad/Saved/Config/Windows/Engine.ini]
[2019.11.29-22.00.08:745][  0]LogConfig: Applying CVar settings from Section [ViewDistanceQuality@3] File [C:/Users/Hyrek/Desktop/crossyroad-FReAKGames/CrossyRoad/Saved/Config/Windows/Scalability.ini]
[2019.11.29-22.00.08:745][  0]LogConfig: Setting CVar [[r.SkeletalMeshLODBias:0]]
[2019.11.29-22.00.08:745][  0]LogConfig: Setting CVar [[r.ViewDistanceScale:1.0]]
[2019.11.29-22.00.08:745][  0]LogConfig: Applying CVar settings from Section [AntiAliasingQuality@3] File [C:/Users/Hyrek/Desktop/crossyroad-FReAKGames/CrossyRoad/Saved/Config/Windows/Scalability.ini]
[2019.11.29-22.00.08:745][  0]LogConfig: Setting CVar [[r.PostProcessAAQuality:4]]
[2019.11.29-22.00.08:745][  0]LogConfig: Applying CVar settings from Section [ShadowQuality@3] File [C:/Users/Hyrek/Desktop/crossyroad-FReAKGames/CrossyRoad/Saved/Config/Windows/Scalability.ini]
[2019.11.29-22.00.08:745][  0]LogConfig: Setting CVar [[r.LightFunctionQuality:1]]
[2019.11.29-22.00.08:745][  0]LogConfig: Setting CVar [[r.ShadowQuality:5]]
[2019.11.29-22.00.08:745][  0]LogConfig: Setting CVar [[r.Shadow.CSM.MaxCascades:10]]
[2019.11.29-22.00.08:745][  0]LogConfig: Setting CVar [[r.Shadow.MaxResolution:2048]]
[2019.11.29-22.00.08:745][  0]LogConfig: Setting CVar [[r.Shadow.MaxCSMResolution:2048]]
[2019.11.29-22.00.08:745][  0]LogConfig: Setting CVar [[r.Shadow.RadiusThreshold:0.01]]
[2019.11.29-22.00.08:745][  0]LogConfig: Setting CVar [[r.Shadow.DistanceScale:1.0]]
[2019.11.29-22.00.08:745][  0]LogConfig: Setting CVar [[r.Shadow.CSM.TransitionScale:1.0]]
[2019.11.29-22.00.08:745][  0]LogConfig: Setting CVar [[r.Shadow.PreShadowResolutionFactor:1.0]]
[2019.11.29-22.00.08:745][  0]LogConfig: Setting CVar [[r.DistanceFieldShadowing:1]]
[2019.11.29-22.00.08:745][  0]LogConfig: Setting CVar [[r.DistanceFieldAO:1]]
[2019.11.29-22.00.08:745][  0]LogConfig: Setting CVar [[r.AOQuality:2]]
[2019.11.29-22.00.08:745][  0]LogConfig: Setting CVar [[r.VolumetricFog:1]]
[2019.11.29-22.00.08:745][  0]LogConfig: Setting CVar [[r.VolumetricFog.GridPixelSize:8]]
[2019.11.29-22.00.08:745][  0]LogConfig: Setting CVar [[r.VolumetricFog.GridSizeZ:128]]
[2019.11.29-22.00.08:745][  0]LogConfig: Setting CVar [[r.VolumetricFog.HistoryMissSupersampleCount:4]]
[2019.11.29-22.00.08:745][  0]LogConfig: Setting CVar [[r.LightMaxDrawDistanceScale:1]]
[2019.11.29-22.00.08:745][  0]LogConfig: Setting CVar [[r.CapsuleShadows:1]]
[2019.11.29-22.00.08:745][  0]LogConfig: Applying CVar settings from Section [PostProcessQuality@3] File [C:/Users/Hyrek/Desktop/crossyroad-FReAKGames/CrossyRoad/Saved/Config/Windows/Scalability.ini]
[2019.11.29-22.00.08:745][  0]LogConfig: Setting CVar [[r.MotionBlurQuality:4]]
[2019.11.29-22.00.08:745][  0]LogConfig: Setting CVar [[r.AmbientOcclusionMipLevelFactor:0.4]]
[2019.11.29-22.00.08:745][  0]LogConfig: Setting CVar [[r.AmbientOcclusionMaxQuality:100]]
[2019.11.29-22.00.08:745][  0]LogConfig: Setting CVar [[r.AmbientOcclusionLevels:-1]]
[2019.11.29-22.00.08:745][  0]LogConfig: Setting CVar [[r.AmbientOcclusionRadiusScale:1.0]]
[2019.11.29-22.00.08:745][  0]LogConfig: Setting CVar [[r.DepthOfFieldQuality:2]]
[2019.11.29-22.00.08:745][  0]LogConfig: Setting CVar [[r.RenderTargetPoolMin:400]]
[2019.11.29-22.00.08:745][  0]LogConfig: Setting CVar [[r.LensFlareQuality:2]]
[2019.11.29-22.00.08:745][  0]LogConfig: Setting CVar [[r.SceneColorFringeQuality:1]]
[2019.11.29-22.00.08:745][  0]LogConfig: Setting CVar [[r.EyeAdaptationQuality:2]]
[2019.11.29-22.00.08:745][  0]LogConfig: Setting CVar [[r.BloomQuality:5]]
[2019.11.29-22.00.08:745][  0]LogConfig: Setting CVar [[r.FastBlurThreshold:100]]
[2019.11.29-22.00.08:745][  0]LogConfig: Setting CVar [[r.Upscale.Quality:3]]
[2019.11.29-22.00.08:745][  0]LogConfig: Setting CVar [[r.Tonemapper.GrainQuantization:1]]
[2019.11.29-22.00.08:745][  0]LogConfig: Setting CVar [[r.LightShaftQuality:1]]
[2019.11.29-22.00.08:745][  0]LogConfig: Setting CVar [[r.Filter.SizeScale:1]]
[2019.11.29-22.00.08:745][  0]LogConfig: Setting CVar [[r.Tonemapper.Quality:5]]
[2019.11.29-22.00.08:745][  0]LogConfig: Setting CVar [[r.DOF.Gather.AccumulatorQuality:1        ; higher gathering accumulator quality]]
[2019.11.29-22.00.08:745][  0]LogConfig: Setting CVar [[r.DOF.Gather.PostfilterMethod:1          ; Median3x3 postfilering method]]
[2019.11.29-22.00.08:745][  0]LogConfig: Setting CVar [[r.DOF.Gather.EnableBokehSettings:0       ; no bokeh simulation when gathering]]
[2019.11.29-22.00.08:745][  0]LogConfig: Setting CVar [[r.DOF.Gather.RingCount:4                 ; medium number of samples when gathering]]
[2019.11.29-22.00.08:745][  0]LogConfig: Setting CVar [[r.DOF.Scatter.ForegroundCompositing:1    ; additive foreground scattering]]
[2019.11.29-22.00.08:745][  0]LogConfig: Setting CVar [[r.DOF.Scatter.BackgroundCompositing:2    ; additive background scattering]]
[2019.11.29-22.00.08:745][  0]LogConfig: Setting CVar [[r.DOF.Scatter.EnableBokehSettings:1      ; bokeh simulation when scattering]]
[2019.11.29-22.00.08:745][  0]LogConfig: Setting CVar [[r.DOF.Scatter.MaxSpriteRatio:0.1         ; only a maximum of 10% of scattered bokeh]]
[2019.11.29-22.00.08:746][  0]LogConfig: Setting CVar [[r.DOF.Recombine.Quality:1                ; cheap slight out of focus]]
[2019.11.29-22.00.08:746][  0]LogConfig: Setting CVar [[r.DOF.Recombine.EnableBokehSettings:0    ; no bokeh simulation on slight out of focus]]
[2019.11.29-22.00.08:746][  0]LogConfig: Setting CVar [[r.DOF.TemporalAAQuality:1                ; more stable temporal accumulation]]
[2019.11.29-22.00.08:746][  0]LogConfig: Setting CVar [[r.DOF.Kernel.MaxForegroundRadius:0.025]]
[2019.11.29-22.00.08:746][  0]LogConfig: Setting CVar [[r.DOF.Kernel.MaxBackgroundRadius:0.025]]
[2019.11.29-22.00.08:746][  0]LogConfig: Applying CVar settings from Section [TextureQuality@3] File [C:/Users/Hyrek/Desktop/crossyroad-FReAKGames/CrossyRoad/Saved/Config/Windows/Scalability.ini]
[2019.11.29-22.00.08:746][  0]LogConfig: Setting CVar [[r.Streaming.MipBias:0]]
[2019.11.29-22.00.08:746][  0]LogConfig: Setting CVar [[r.Streaming.AmortizeCPUToGPUCopy:0]]
[2019.11.29-22.00.08:746][  0]LogConfig: Setting CVar [[r.Streaming.MaxNumTexturesToStreamPerFrame:0]]
[2019.11.29-22.00.08:746][  0]LogConfig: Setting CVar [[r.Streaming.Boost:1]]
[2019.11.29-22.00.08:746][  0]LogConfig: Setting CVar [[r.MaxAnisotropy:8]]
[2019.11.29-22.00.08:746][  0]LogConfig: Setting CVar [[r.Streaming.LimitPoolSizeToVRAM:0]]
[2019.11.29-22.00.08:746][  0]LogConfig: Setting CVar [[r.Streaming.PoolSize:1000]]
[2019.11.29-22.00.08:746][  0]LogConfig: Setting CVar [[r.Streaming.MaxEffectiveScreenSize:0]]
[2019.11.29-22.00.08:746][  0]LogConfig: Applying CVar settings from Section [EffectsQuality@3] File [C:/Users/Hyrek/Desktop/crossyroad-FReAKGames/CrossyRoad/Saved/Config/Windows/Scalability.ini]
[2019.11.29-22.00.08:746][  0]LogConfig: Setting CVar [[r.TranslucencyLightingVolumeDim:64]]
[2019.11.29-22.00.08:746][  0]LogConfig: Setting CVar [[r.RefractionQuality:2]]
[2019.11.29-22.00.08:746][  0]LogConfig: Setting CVar [[r.SSR.Quality:3]]
[2019.11.29-22.00.08:746][  0]LogConfig: Setting CVar [[r.SceneColorFormat:4]]
[2019.11.29-22.00.08:746][  0]LogConfig: Setting CVar [[r.DetailMode:2]]
[2019.11.29-22.00.08:746][  0]LogConfig: Setting CVar [[r.TranslucencyVolumeBlur:1]]
[2019.11.29-22.00.08:746][  0]LogConfig: Setting CVar [[r.MaterialQualityLevel:1 ; High quality]]
[2019.11.29-22.00.08:746][  0]LogConfig: Setting CVar [[r.SSS.Scale:1]]
[2019.11.29-22.00.08:746][  0]LogConfig: Setting CVar [[r.SSS.SampleSet:2]]
[2019.11.29-22.00.08:746][  0]LogConfig: Setting CVar [[r.SSS.Quality:1]]
[2019.11.29-22.00.08:746][  0]LogConfig: Setting CVar [[r.SSS.HalfRes:1]]
[2019.11.29-22.00.08:746][  0]LogConfig: Setting CVar [[r.EmitterSpawnRateScale:1.0]]
[2019.11.29-22.00.08:746][  0]LogConfig: Setting CVar [[r.ParticleLightQuality:2]]
[2019.11.29-22.00.08:746][  0]LogConfig: Applying CVar settings from Section [FoliageQuality@3] File [C:/Users/Hyrek/Desktop/crossyroad-FReAKGames/CrossyRoad/Saved/Config/Windows/Scalability.ini]
[2019.11.29-22.00.08:746][  0]LogConfig: Setting CVar [[foliage.DensityScale:1.0]]
[2019.11.29-22.00.08:746][  0]LogConfig: Setting CVar [[grass.DensityScale:1.0]]
[2019.11.29-22.00.08:746][  0]LogInit: Selected Device Profile: [Windows]
[2019.11.29-22.00.08:746][  0]LogInit: Applying CVar settings loaded from the selected device profile: [Windows]
[2019.11.29-22.00.08:750][  0]LogHAL: Display: Platform has ~ 8 GB [8476856320 / 8589934592 / 8], which maps to Default [LargestMinGB=32, LargerMinGB=12, DefaultMinGB=8, SmallerMinGB=6, SmallestMinGB=0)
[2019.11.29-22.00.08:750][  0]LogInit: Going up to parent DeviceProfile []
[2019.11.29-22.00.08:750][  0]LogConfig: Applying CVar settings from Section [ViewDistanceQuality@3] File [C:/Users/Hyrek/Desktop/crossyroad-FReAKGames/CrossyRoad/Saved/Config/Windows/Scalability.ini]
[2019.11.29-22.00.08:750][  0]LogConfig: Setting CVar [[r.SkeletalMeshLODBias:0]]
[2019.11.29-22.00.08:750][  0]LogConfig: Setting CVar [[r.ViewDistanceScale:1.0]]
[2019.11.29-22.00.08:750][  0]LogConfig: Applying CVar settings from Section [AntiAliasingQuality@3] File [C:/Users/Hyrek/Desktop/crossyroad-FReAKGames/CrossyRoad/Saved/Config/Windows/Scalability.ini]
[2019.11.29-22.00.08:750][  0]LogConfig: Setting CVar [[r.PostProcessAAQuality:4]]
[2019.11.29-22.00.08:750][  0]LogConfig: Applying CVar settings from Section [ShadowQuality@3] File [C:/Users/Hyrek/Desktop/crossyroad-FReAKGames/CrossyRoad/Saved/Config/Windows/Scalability.ini]
[2019.11.29-22.00.08:750][  0]LogConfig: Setting CVar [[r.LightFunctionQuality:1]]
[2019.11.29-22.00.08:750][  0]LogConfig: Setting CVar [[r.ShadowQuality:5]]
[2019.11.29-22.00.08:750][  0]LogConfig: Setting CVar [[r.Shadow.CSM.MaxCascades:10]]
[2019.11.29-22.00.08:751][  0]LogConfig: Setting CVar [[r.Shadow.MaxResolution:2048]]
[2019.11.29-22.00.08:751][  0]LogConfig: Setting CVar [[r.Shadow.MaxCSMResolution:2048]]
[2019.11.29-22.00.08:751][  0]LogConfig: Setting CVar [[r.Shadow.RadiusThreshold:0.01]]
[2019.11.29-22.00.08:751][  0]LogConfig: Setting CVar [[r.Shadow.DistanceScale:1.0]]
[2019.11.29-22.00.08:751][  0]LogConfig: Setting CVar [[r.Shadow.CSM.TransitionScale:1.0]]
[2019.11.29-22.00.08:751][  0]LogConfig: Setting CVar [[r.Shadow.PreShadowResolutionFactor:1.0]]
[2019.11.29-22.00.08:751][  0]LogConfig: Setting CVar [[r.DistanceFieldShadowing:1]]
[2019.11.29-22.00.08:751][  0]LogConfig: Setting CVar [[r.DistanceFieldAO:1]]
[2019.11.29-22.00.08:751][  0]LogConfig: Setting CVar [[r.AOQuality:2]]
[2019.11.29-22.00.08:751][  0]LogConfig: Setting CVar [[r.VolumetricFog:1]]
[2019.11.29-22.00.08:751][  0]LogConfig: Setting CVar [[r.VolumetricFog.GridPixelSize:8]]
[2019.11.29-22.00.08:751][  0]LogConfig: Setting CVar [[r.VolumetricFog.GridSizeZ:128]]
[2019.11.29-22.00.08:751][  0]LogConfig: Setting CVar [[r.VolumetricFog.HistoryMissSupersampleCount:4]]
[2019.11.29-22.00.08:751][  0]LogConfig: Setting CVar [[r.LightMaxDrawDistanceScale:1]]
[2019.11.29-22.00.08:751][  0]LogConfig: Setting CVar [[r.CapsuleShadows:1]]
[2019.11.29-22.00.08:751][  0]LogConfig: Applying CVar settings from Section [PostProcessQuality@3] File [C:/Users/Hyrek/Desktop/crossyroad-FReAKGames/CrossyRoad/Saved/Config/Windows/Scalability.ini]
[2019.11.29-22.00.08:751][  0]LogConfig: Setting CVar [[r.MotionBlurQuality:4]]
[2019.11.29-22.00.08:751][  0]LogConfig: Setting CVar [[r.AmbientOcclusionMipLevelFactor:0.4]]
[2019.11.29-22.00.08:751][  0]LogConfig: Setting CVar [[r.AmbientOcclusionMaxQuality:100]]
[2019.11.29-22.00.08:751][  0]LogConfig: Setting CVar [[r.AmbientOcclusionLevels:-1]]
[2019.11.29-22.00.08:751][  0]LogConfig: Setting CVar [[r.AmbientOcclusionRadiusScale:1.0]]
[2019.11.29-22.00.08:751][  0]LogConfig: Setting CVar [[r.DepthOfFieldQuality:2]]
[2019.11.29-22.00.08:751][  0]LogConfig: Setting CVar [[r.RenderTargetPoolMin:400]]
[2019.11.29-22.00.08:751][  0]LogConfig: Setting CVar [[r.LensFlareQuality:2]]
[2019.11.29-22.00.08:751][  0]LogConfig: Setting CVar [[r.SceneColorFringeQuality:1]]
[2019.11.29-22.00.08:751][  0]LogConfig: Setting CVar [[r.EyeAdaptationQuality:2]]
[2019.11.29-22.00.08:751][  0]LogConfig: Setting CVar [[r.BloomQuality:5]]
[2019.11.29-22.00.08:751][  0]LogConfig: Setting CVar [[r.FastBlurThreshold:100]]
[2019.11.29-22.00.08:751][  0]LogConfig: Setting CVar [[r.Upscale.Quality:3]]
[2019.11.29-22.00.08:751][  0]LogConfig: Setting CVar [[r.Tonemapper.GrainQuantization:1]]
[2019.11.29-22.00.08:751][  0]LogConfig: Setting CVar [[r.LightShaftQuality:1]]
[2019.11.29-22.00.08:751][  0]LogConfig: Setting CVar [[r.Filter.SizeScale:1]]
[2019.11.29-22.00.08:751][  0]LogConfig: Setting CVar [[r.Tonemapper.Quality:5]]
[2019.11.29-22.00.08:751][  0]LogConfig: Setting CVar [[r.DOF.Gather.AccumulatorQuality:1        ; higher gathering accumulator quality]]
[2019.11.29-22.00.08:751][  0]LogConfig: Setting CVar [[r.DOF.Gather.PostfilterMethod:1          ; Median3x3 postfilering method]]
[2019.11.29-22.00.08:751][  0]LogConfig: Setting CVar [[r.DOF.Gather.EnableBokehSettings:0       ; no bokeh simulation when gathering]]
[2019.11.29-22.00.08:751][  0]LogConfig: Setting CVar [[r.DOF.Gather.RingCount:4                 ; medium number of samples when gathering]]
[2019.11.29-22.00.08:751][  0]LogConfig: Setting CVar [[r.DOF.Scatter.ForegroundCompositing:1    ; additive foreground scattering]]
[2019.11.29-22.00.08:751][  0]LogConfig: Setting CVar [[r.DOF.Scatter.BackgroundCompositing:2    ; additive background scattering]]
[2019.11.29-22.00.08:751][  0]LogConfig: Setting CVar [[r.DOF.Scatter.EnableBokehSettings:1      ; bokeh simulation when scattering]]
[2019.11.29-22.00.08:751][  0]LogConfig: Setting CVar [[r.DOF.Scatter.MaxSpriteRatio:0.1         ; only a maximum of 10% of scattered bokeh]]
[2019.11.29-22.00.08:751][  0]LogConfig: Setting CVar [[r.DOF.Recombine.Quality:1                ; cheap slight out of focus]]
[2019.11.29-22.00.08:751][  0]LogConfig: Setting CVar [[r.DOF.Recombine.EnableBokehSettings:0    ; no bokeh simulation on slight out of focus]]
[2019.11.29-22.00.08:751][  0]LogConfig: Setting CVar [[r.DOF.TemporalAAQuality:1                ; more stable temporal accumulation]]
[2019.11.29-22.00.08:751][  0]LogConfig: Setting CVar [[r.DOF.Kernel.MaxForegroundRadius:0.025]]
[2019.11.29-22.00.08:751][  0]LogConfig: Setting CVar [[r.DOF.Kernel.MaxBackgroundRadius:0.025]]
[2019.11.29-22.00.08:751][  0]LogConfig: Applying CVar settings from Section [TextureQuality@3] File [C:/Users/Hyrek/Desktop/crossyroad-FReAKGames/CrossyRoad/Saved/Config/Windows/Scalability.ini]
[2019.11.29-22.00.08:751][  0]LogConfig: Setting CVar [[r.Streaming.MipBias:0]]
[2019.11.29-22.00.08:751][  0]LogConfig: Setting CVar [[r.Streaming.AmortizeCPUToGPUCopy:0]]
[2019.11.29-22.00.08:751][  0]LogConfig: Setting CVar [[r.Streaming.MaxNumTexturesToStreamPerFrame:0]]
[2019.11.29-22.00.08:751][  0]LogConfig: Setting CVar [[r.Streaming.Boost:1]]
[2019.11.29-22.00.08:751][  0]LogConfig: Setting CVar [[r.MaxAnisotropy:8]]
[2019.11.29-22.00.08:751][  0]LogConfig: Setting CVar [[r.Streaming.LimitPoolSizeToVRAM:0]]
[2019.11.29-22.00.08:751][  0]LogConfig: Setting CVar [[r.Streaming.PoolSize:1000]]
[2019.11.29-22.00.08:751][  0]LogConfig: Setting CVar [[r.Streaming.MaxEffectiveScreenSize:0]]
[2019.11.29-22.00.08:751][  0]LogConfig: Applying CVar settings from Section [EffectsQuality@3] File [C:/Users/Hyrek/Desktop/crossyroad-FReAKGames/CrossyRoad/Saved/Config/Windows/Scalability.ini]
[2019.11.29-22.00.08:751][  0]LogConfig: Setting CVar [[r.TranslucencyLightingVolumeDim:64]]
[2019.11.29-22.00.08:751][  0]LogConfig: Setting CVar [[r.RefractionQuality:2]]
[2019.11.29-22.00.08:751][  0]LogConfig: Setting CVar [[r.SSR.Quality:3]]
[2019.11.29-22.00.08:751][  0]LogConfig: Setting CVar [[r.SceneColorFormat:4]]
[2019.11.29-22.00.08:751][  0]LogConfig: Setting CVar [[r.DetailMode:2]]
[2019.11.29-22.00.08:751][  0]LogConfig: Setting CVar [[r.TranslucencyVolumeBlur:1]]
[2019.11.29-22.00.08:751][  0]LogConfig: Setting CVar [[r.MaterialQualityLevel:1 ; High quality]]
[2019.11.29-22.00.08:751][  0]LogConfig: Setting CVar [[r.SSS.Scale:1]]
[2019.11.29-22.00.08:751][  0]LogConfig: Setting CVar [[r.SSS.SampleSet:2]]
[2019.11.29-22.00.08:752][  0]LogConfig: Setting CVar [[r.SSS.Quality:1]]
[2019.11.29-22.00.08:752][  0]LogConfig: Setting CVar [[r.SSS.HalfRes:1]]
[2019.11.29-22.00.08:752][  0]LogConfig: Setting CVar [[r.EmitterSpawnRateScale:1.0]]
[2019.11.29-22.00.08:752][  0]LogConfig: Setting CVar [[r.ParticleLightQuality:2]]
[2019.11.29-22.00.08:752][  0]LogConfig: Applying CVar settings from Section [FoliageQuality@3] File [C:/Users/Hyrek/Desktop/crossyroad-FReAKGames/CrossyRoad/Saved/Config/Windows/Scalability.ini]
[2019.11.29-22.00.08:752][  0]LogConfig: Setting CVar [[foliage.DensityScale:1.0]]
[2019.11.29-22.00.08:752][  0]LogConfig: Setting CVar [[grass.DensityScale:1.0]]
[2019.11.29-22.00.08:752][  0]LogConfig: Applying CVar settings from Section [Startup] File [../../../Engine/Config/ConsoleVariables.ini]
[2019.11.29-22.00.08:752][  0]LogConfig: Setting CVar [[net.UseAdaptiveNetUpdateFrequency:0]]
[2019.11.29-22.00.08:752][  0]LogConfig: Setting CVar [[p.chaos.AllowCreatePhysxBodies:1]]
[2019.11.29-22.00.08:752][  0]LogConfig: Applying CVar settings from Section [ConsoleVariables] File [C:/Users/Hyrek/Desktop/crossyroad-FReAKGames/CrossyRoad/Saved/Config/Windows/Engine.ini]
[2019.11.29-22.00.08:752][  0]LogInit: Computer: LAPTOP-B4LMU3U3
[2019.11.29-22.00.08:752][  0]LogInit: User: Hyrek
[2019.11.29-22.00.08:752][  0]LogInit: CPU Page size=4096, Cores=4
[2019.11.29-22.00.08:752][  0]LogInit: High frequency timer resolution =10.000000 MHz
[2019.11.29-22.00.08:752][  0]LogMemory: Memory total: Physical=7.9GB (8GB approx)
[2019.11.29-22.00.08:752][  0]LogMemory: Platform Memory Stats for Windows
[2019.11.29-22.00.08:752][  0]LogMemory: Process Physical Memory: 99.81 MB used, 99.82 MB peak
[2019.11.29-22.00.08:752][  0]LogMemory: Process Virtual Memory: 88.14 MB used, 88.14 MB peak
[2019.11.29-22.00.08:752][  0]LogMemory: Physical Memory: 5249.86 MB used,  2834.30 MB free, 8084.16 MB total
[2019.11.29-22.00.08:752][  0]LogMemory: Virtual Memory: 4643.74 MB used,  134213088.00 MB free, 134217728.00 MB total
[2019.11.29-22.00.08:760][  0]LogWindows: WindowsPlatformFeatures enabled
[2019.11.29-22.00.08:794][  0]LogInit: Using OS detected language (en-US).
[2019.11.29-22.00.08:794][  0]LogInit: Using OS detected locale (en-US).
[2019.11.29-22.00.08:796][  0]LogTextLocalizationManager: No specific localization for 'en-US' exists, so the 'en' localization will be used.
[2019.11.29-22.00.09:025][  0]LogInit: Setting process to per monitor DPI aware
[2019.11.29-22.00.09:128][  0]LogSlate: New Slate User Created.  User Index 0, Is Virtual User: 0
[2019.11.29-22.00.09:128][  0]LogSlate: Slate User Registered.  User Index 0, Is Virtual User: 0
[2019.11.29-22.00.09:589][  0]LogHMD: Failed to initialize OpenVR with code 105
[2019.11.29-22.00.09:589][  0]LogD3D11RHI: D3D11 adapters:
[2019.11.29-22.00.09:612][  0]LogD3D11RHI:    0. 'Intel(R) HD Graphics 630' (Feature Level 11_0)
[2019.11.29-22.00.09:612][  0]LogD3D11RHI:       128/0/4042 MB DedicatedVideo/DedicatedSystem/SharedSystem, Outputs:2, VendorId:0x8086
[2019.11.29-22.00.10:165][  0]LogD3D11RHI:    1. 'AMD Radeon(TM) RX 560' (Feature Level 11_0)
[2019.11.29-22.00.10:165][  0]LogD3D11RHI:       4044/0/4042 MB DedicatedVideo/DedicatedSystem/SharedSystem, Outputs:0, VendorId:0x1002
[2019.11.29-22.00.10:169][  0]LogD3D11RHI:    2. 'Microsoft Basic Render Driver' (Feature Level 11_0)
[2019.11.29-22.00.10:169][  0]LogD3D11RHI:       0/0/4042 MB DedicatedVideo/DedicatedSystem/SharedSystem, Outputs:0, VendorId:0x1414
[2019.11.29-22.00.10:169][  0]LogD3D11RHI: Chosen D3D11 Adapter: 1
[2019.11.29-22.00.10:185][  0]LogD3D11RHI: Creating new Direct3DDevice
[2019.11.29-22.00.10:185][  0]LogD3D11RHI:     GPU DeviceId: 0x67ef (for the marketing name, search the web for "GPU Device Id")
[2019.11.29-22.00.10:185][  0]LogWindows: EnumDisplayDevices:
[2019.11.29-22.00.10:186][  0]LogWindows:    0. 'Intel(R) HD Graphics 630' (P:1 D:1)
[2019.11.29-22.00.10:186][  0]LogWindows:    1. 'Intel(R) HD Graphics 630' (P:0 D:1)
[2019.11.29-22.00.10:187][  0]LogWindows:    2. 'Intel(R) HD Graphics 630' (P:0 D:0)
[2019.11.29-22.00.10:187][  0]LogWindows: DebugString: PrimaryIsNotTheChoosenAdapter PrimaryIsNotTheChoosenAdapter PrimaryIsNotTheChoosenAdapter FoundDriverCount:0 
[2019.11.29-22.00.10:187][  0]LogD3D11RHI:     Adapter Name: AMD Radeon(TM) RX 560
[2019.11.29-22.00.10:187][  0]LogD3D11RHI:   Driver Version: Unknown (internal:Unknown, unified:Unknown)
[2019.11.29-22.00.10:187][  0]LogD3D11RHI:      Driver Date: Unknown
[2019.11.29-22.00.10:187][  0]LogRHI: Texture pool is 2831 MB (70% of 4044 MB)
[2019.11.29-22.00.10:697][  0]LogD3D11RHI: Async texture creation enabled
[2019.11.29-22.00.10:709][  0]LogD3D11RHI: GPU Timing Frequency: 25.000000 (Debug: 2 1)
[2019.11.29-22.00.11:658][  0]LogTemp: Display: Module 'AllDesktopTargetPlatform' loaded TargetPlatform 'AllDesktop'
[2019.11.29-22.00.11:671][  0]LogTemp: Display: Module 'MacClientTargetPlatform' loaded TargetPlatform 'MacClient'
[2019.11.29-22.00.11:684][  0]LogTemp: Display: Module 'MacNoEditorTargetPlatform' loaded TargetPlatform 'MacNoEditor'
[2019.11.29-22.00.11:697][  0]LogTemp: Display: Module 'MacServerTargetPlatform' loaded TargetPlatform 'MacServer'
[2019.11.29-22.00.11:713][  0]LogTemp: Display: Module 'MacTargetPlatform' loaded TargetPlatform 'Mac'
[2019.11.29-22.00.11:726][  0]LogTemp: Display: Module 'WindowsClientTargetPlatform' loaded TargetPlatform 'WindowsClient'
[2019.11.29-22.00.11:739][  0]LogTemp: Display: Module 'WindowsNoEditorTargetPlatform' loaded TargetPlatform 'WindowsNoEditor'
[2019.11.29-22.00.11:753][  0]LogTemp: Display: Module 'WindowsServerTargetPlatform' loaded TargetPlatform 'WindowsServer'
[2019.11.29-22.00.11:760][  0]LogTemp: Display: Module 'WindowsTargetPlatform' loaded TargetPlatform 'Windows'
[2019.11.29-22.00.11:813][  0]LogTemp: Display: Module 'AndroidTargetPlatform' loaded TargetPlatform 'Android'
[2019.11.29-22.00.11:813][  0]LogTemp: Display: Module 'AndroidTargetPlatform' loaded TargetPlatform 'Android_ASTC'
[2019.11.29-22.00.11:813][  0]LogTemp: Display: Module 'AndroidTargetPlatform' loaded TargetPlatform 'Android_ATC'
[2019.11.29-22.00.11:813][  0]LogTemp: Display: Module 'AndroidTargetPlatform' loaded TargetPlatform 'Android_DXT'
[2019.11.29-22.00.11:813][  0]LogTemp: Display: Module 'AndroidTargetPlatform' loaded TargetPlatform 'Android_ETC1'
[2019.11.29-22.00.11:813][  0]LogTemp: Display: Module 'AndroidTargetPlatform' loaded TargetPlatform 'Android_ETC1a'
[2019.11.29-22.00.11:813][  0]LogTemp: Display: Module 'AndroidTargetPlatform' loaded TargetPlatform 'Android_ETC2'
[2019.11.29-22.00.11:813][  0]LogTemp: Display: Module 'AndroidTargetPlatform' loaded TargetPlatform 'Android_PVRTC'
[2019.11.29-22.00.11:813][  0]LogTemp: Display: Module 'AndroidTargetPlatform' loaded TargetPlatform 'AndroidClient'
[2019.11.29-22.00.11:813][  0]LogTemp: Display: Module 'AndroidTargetPlatform' loaded TargetPlatform 'Android_ASTCClient'
[2019.11.29-22.00.11:813][  0]LogTemp: Display: Module 'AndroidTargetPlatform' loaded TargetPlatform 'Android_ATCClient'
[2019.11.29-22.00.11:813][  0]LogTemp: Display: Module 'AndroidTargetPlatform' loaded TargetPlatform 'Android_DXTClient'
[2019.11.29-22.00.11:813][  0]LogTemp: Display: Module 'AndroidTargetPlatform' loaded TargetPlatform 'Android_ETC1Client'
[2019.11.29-22.00.11:813][  0]LogTemp: Display: Module 'AndroidTargetPlatform' loaded TargetPlatform 'Android_ETC1aClient'
[2019.11.29-22.00.11:813][  0]LogTemp: Display: Module 'AndroidTargetPlatform' loaded TargetPlatform 'Android_ETC2Client'
[2019.11.29-22.00.11:813][  0]LogTemp: Display: Module 'AndroidTargetPlatform' loaded TargetPlatform 'Android_PVRTCClient'
[2019.11.29-22.00.11:813][  0]LogTemp: Display: Module 'AndroidTargetPlatform' loaded TargetPlatform 'Android_Multi'
[2019.11.29-22.00.11:813][  0]LogTemp: Display: Module 'AndroidTargetPlatform' loaded TargetPlatform 'Android_MultiClient'
[2019.11.29-22.00.11:816][  0]LogTemp: Display: Module 'HTML5TargetPlatform' loaded TargetPlatform 'HTML5'
[2019.11.29-22.00.11:840][  0]LogTemp: Display: Module 'IOSTargetPlatform' loaded TargetPlatform 'IOSClient'
[2019.11.29-22.00.11:840][  0]LogTemp: Display: Module 'IOSTargetPlatform' loaded TargetPlatform 'IOS'
[2019.11.29-22.00.11:858][  0]LogTemp: Display: Module 'TVOSTargetPlatform' loaded TargetPlatform 'TVOSClient'
[2019.11.29-22.00.11:859][  0]LogTemp: Display: Module 'TVOSTargetPlatform' loaded TargetPlatform 'TVOS'
[2019.11.29-22.00.11:869][  0]LogTemp: Display: Module 'LinuxClientTargetPlatform' loaded TargetPlatform 'LinuxClient'
[2019.11.29-22.00.11:879][  0]LogTemp: Display: Module 'LinuxNoEditorTargetPlatform' loaded TargetPlatform 'LinuxNoEditor'
[2019.11.29-22.00.11:888][  0]LogTemp: Display: Module 'LinuxServerTargetPlatform' loaded TargetPlatform 'LinuxServer'
[2019.11.29-22.00.11:899][  0]LogTemp: Display: Module 'LinuxTargetPlatform' loaded TargetPlatform 'Linux'
[2019.11.29-22.00.11:930][  0]LogTemp: Display: Module 'LuminTargetPlatform' loaded TargetPlatform 'Lumin'
[2019.11.29-22.00.11:930][  0]LogTemp: Display: Module 'LuminTargetPlatform' loaded TargetPlatform 'LuminClient'
[2019.11.29-22.00.11:930][  0]LogTargetPlatformManager: Display: Building Assets For Windows
[2019.11.29-22.00.11:944][  0]LogAudioDebug: Display: Lib vorbis DLL was dynamically loaded.
[2019.11.29-22.00.12:035][  0]LogShaderCompilers: Guid format shader working directory is -24 characters bigger than the processId version (../../../../../../Users/Hyrek/Desktop/crossyroad-FReAKGames/CrossyRoad/Intermediate/Shaders/WorkingDirectory/4312/).
[2019.11.29-22.00.12:035][  0]LogShaderCompilers: Cleaned the shader compiler working directory 'C:/Users/Hyrek/AppData/Local/Temp/UnrealShaderWorkingDir/433BA13B4792450C81CD7E8316E67D5E/'.
[2019.11.29-22.00.12:039][  0]LogXGEController: Cannot use XGE Controller as Incredibuild is not installed on this machine.
[2019.11.29-22.00.12:039][  0]LogShaderCompilers: Cannot use XGE Shader Compiler as Incredibuild is not installed on this machine.
[2019.11.29-22.00.12:039][  0]LogShaderCompilers: Display: Using Local Shader Compiler.
[2019.11.29-22.00.12:830][  0]LogDerivedDataCache: Display: Max Cache Size: 512 MB
[2019.11.29-22.00.12:903][  0]LogDerivedDataCache: Loaded boot cache 0.07s 73MB C:/Users/Hyrek/AppData/Local/UnrealEngine/4.23/DerivedDataCache/Boot.ddc.
[2019.11.29-22.00.12:903][  0]LogDerivedDataCache: Display: Loaded Boot cache: C:/Users/Hyrek/AppData/Local/UnrealEngine/4.23/DerivedDataCache/Boot.ddc
[2019.11.29-22.00.12:903][  0]LogDerivedDataCache: FDerivedDataBackendGraph:  Pak pak cache file ../../../../../../Users/Hyrek/Desktop/crossyroad-FReAKGames/CrossyRoad/DerivedDataCache/DDC.ddp not found, will not use a pak cache.
[2019.11.29-22.00.12:903][  0]LogDerivedDataCache: Unable to find inner node Pak for hierarchical cache Hierarchy.
[2019.11.29-22.00.12:903][  0]LogDerivedDataCache: FDerivedDataBackendGraph:  CompressedPak pak cache file ../../../../../../Users/Hyrek/Desktop/crossyroad-FReAKGames/CrossyRoad/DerivedDataCache/Compressed.ddp not found, will not use a pak cache.
[2019.11.29-22.00.12:903][  0]LogDerivedDataCache: Unable to find inner node CompressedPak for hierarchical cache Hierarchy.
[2019.11.29-22.00.12:917][  0]LogDerivedDataCache: Display: Pak cache opened for reading ../../../Engine/DerivedDataCache/Compressed.ddp.
[2019.11.29-22.00.12:917][  0]LogDerivedDataCache: FDerivedDataBackendGraph:  EnterprisePak pak cache file ../../../Enterprise/DerivedDataCache/Compressed.ddp not found, will not use a pak cache.
[2019.11.29-22.00.12:917][  0]LogDerivedDataCache: Unable to find inner node EnterprisePak for hierarchical cache Hierarchy.
[2019.11.29-22.00.12:923][  0]LogDerivedDataCache: Using Local data cache path C:/Users/Hyrek/AppData/Local/UnrealEngine/Common/DerivedDataCache: Writable
[2019.11.29-22.00.12:923][  0]LogDerivedDataCache: Shared data cache path not found in *engine.ini, will not use an Shared cache.
[2019.11.29-22.00.12:923][  0]LogDerivedDataCache: Unable to find inner node Shared for hierarchical cache Hierarchy.
[2019.11.29-22.00.12:948][  0]LogMaterial: Verifying Global Shaders for PCD3D_SM5
[2019.11.29-22.00.12:951][  0]LogSlate: Using FreeType 2.6.0
[2019.11.29-22.00.12:952][  0]LogSlate: SlateFontServices - WITH_FREETYPE: 1, WITH_HARFBUZZ: 1
[2019.11.29-22.00.13:033][  0]LogAssetRegistry: FAssetRegistry took 0.0027 seconds to start up
[2019.11.29-22.00.13:402][  0]LogInit: Selected Device Profile: [Windows]
[2019.11.29-22.00.13:669][  0]LogMeshReduction: Using QuadricMeshReduction for automatic static mesh reduction
[2019.11.29-22.00.13:669][  0]LogMeshReduction: Using SimplygonMeshReduction for automatic skeletal mesh reduction
[2019.11.29-22.00.13:669][  0]LogMeshReduction: Using ProxyLODMeshReduction for automatic mesh merging
[2019.11.29-22.00.13:669][  0]LogMeshReduction: No distributed automatic mesh merging module available
[2019.11.29-22.00.13:669][  0]LogMeshMerging: No distributed automatic mesh merging module available
[2019.11.29-22.00.13:681][  0]LogNetVersion: CrossyRoad 1.0.0, NetCL: 8386587, EngineNetVer: 11, GameNetVer: 0 (Checksum: 3055071226)
[2019.11.29-22.00.14:559][  0]LogPackageLocalizationCache: Processed 12 localized package path(s) for 1 prioritized culture(s) in 0.178845 seconds
[2019.11.29-22.00.14:570][  0]LogUObjectArray: 43444 objects as part of root set at end of initial load.
[2019.11.29-22.00.14:570][  0]LogUObjectAllocator: 7548648 out of 0 bytes used by permanent object pool.
[2019.11.29-22.00.14:570][  0]LogUObjectArray: CloseDisregardForGC: 0/0 objects in disregard for GC pool
[2019.11.29-22.00.17:434][  0]LogTcpMessaging: Initializing TcpMessaging bridge
[2019.11.29-22.00.17:439][  0]LogUdpMessaging: Initializing bridge on interface 0.0.0.0:0 to multicast group 230.0.0.1:6666.
[2019.11.29-22.00.17:532][  0]SourceControl: Source control is disabled
[2019.11.29-22.00.17:532][  0]SourceControl: Source control is disabled
[2019.11.29-22.00.17:535][  0]SourceControl: Source control is disabled
[2019.11.29-22.00.17:537][  0]SourceControl: Source control is disabled
[2019.11.29-22.00.17:694][  0]LogAndroidPermission: UAndroidPermissionCallbackProxy::GetInstance
[2019.11.29-22.00.18:005][  0]LogOcInput: OculusInput pre-init called
[2019.11.29-22.00.18:017][  0]LogWindows: Failed to load 'OVRPlugin.dll' (GetLastError=126)
[2019.11.29-22.00.18:018][  0]LogWindows: File 'OVRPlugin.dll' does not exist
[2019.11.29-22.00.18:115][  0]LogEngine: Initializing Engine...
[2019.11.29-22.00.18:121][  0]LogHMD: Failed to initialize OpenVR with code 105
[2019.11.29-22.00.18:123][  0]LogStats: UGameplayTagsManager::InitializeManager -  0.000 s
[2019.11.29-22.00.18:439][  0]LogInit: Initializing FReadOnlyCVARCache
[2019.11.29-22.00.18:466][  0]LogAIModule: Creating AISystem for world Untitled
[2019.11.29-22.00.18:547][  0]LogInit: XAudio2 using 'Speakers (Realtek High Definition Audio)' : 2 channels at 48 kHz using 32 bits per sample (channel mask 0x3)
[2019.11.29-22.00.18:663][  0]LogInit: FAudioDevice initialized.
[2019.11.29-22.00.18:663][  0]LogNetVersion: Set ProjectVersion to 1.0.0.0. Version Checksum will be recalculated on next use.
[2019.11.29-22.00.20:289][  0]LogDerivedDataCache: Saved boot cache 1.63s 73MB C:/Users/Hyrek/AppData/Local/UnrealEngine/4.23/DerivedDataCache/Boot.ddc.
[2019.11.29-22.00.20:294][  0]LogInit: Texture streaming: Enabled
[2019.11.29-22.00.20:329][  0]LogEngineSessionManager: EngineSessionManager initialized
[2019.11.29-22.00.20:329][  0]LogEditorSessionSummary: Verbose: Initializing EditorSessionSummaryWriter for editor session tracking
[2019.11.29-22.00.20:536][  0]LogEditorSessionSummary: EditorSessionSummaryWriter initialized
[2019.11.29-22.00.20:596][  0]LogInit: Transaction tracking system initialized
[2019.11.29-22.00.20:643][  0]BlueprintLog: New page: Editor Load
[2019.11.29-22.00.20:771][  0]LocalizationService: Localization service is disabled
[2019.11.29-22.00.21:103][  0]LogFileCache: Scanning file cache for directory 'C:/Users/Hyrek/Desktop/crossyroad-FReAKGames/CrossyRoad/Content/' took 0.00s
[2019.11.29-22.00.21:103][  0]LogCook: Display: Max memory allowance for cook 16384mb min free memory 0mb
[2019.11.29-22.00.21:103][  0]LogCook: Display: Mobile HDR setting 1
[2019.11.29-22.00.21:353][  0]SourceControl: Source control is disabled
[2019.11.29-22.00.21:353][  0]Cmd: MAP LOAD FILE="../../../../../../Users/Hyrek/Desktop/crossyroad-FReAKGames/CrossyRoad/Content/StarterContent/Maps/Minimal_Default.umap" TEMPLATE=0 SHOWPROGRESS=1 FEATURELEVEL=3
[2019.11.29-22.00.21:353][  0]LogEditorServer: Warning: Can't find file '../../../../../../Users/Hyrek/Desktop/crossyroad-FReAKGames/CrossyRoad/Content/StarterContent/Maps/Minimal_Default.umap'
[2019.11.29-22.00.21:353][  0]Cmd: MAP CHECKDEP NOCLEARLOG
[2019.11.29-22.00.21:354][  0]MapCheck: Map check complete: 0 Error(s), 0 Warning(s), took 0.252ms to complete.
[2019.11.29-22.00.21:354][  0]LogFileHelpers: Loading map 'Minimal_Default' took 0.001
[2019.11.29-22.00.21:577][  0]LogSlate: Updating window title bar state: overlay mode, drag disabled, window buttons hidden, title bar hidden
[2019.11.29-22.00.21:584][  0]LogSlate: Updating window title bar state: overlay mode, drag disabled, window buttons hidden, title bar hidden
[2019.11.29-22.00.21:592][  0]LogSlate: Updating window title bar state: overlay mode, drag disabled, window buttons hidden, title bar hidden
[2019.11.29-22.00.21:599][  0]LogSlate: Updating window title bar state: overlay mode, drag disabled, window buttons hidden, title bar hidden
[2019.11.29-22.00.21:631][  0]LogCollectionManager: Loaded 0 collections in 0.003104 seconds
[2019.11.29-22.00.21:641][  0]LogFileCache: Scanning file cache for directory 'C:/Users/Hyrek/Desktop/crossyroad-FReAKGames/CrossyRoad/Saved/Collections/' took 0.00s
[2019.11.29-22.00.21:641][  0]LogFileCache: Scanning file cache for directory 'C:/Users/Hyrek/Desktop/crossyroad-FReAKGames/CrossyRoad/Content/Developers/Hyrek/Collections/' took 0.00s
[2019.11.29-22.00.21:641][  0]LogFileCache: Scanning file cache for directory 'C:/Users/Hyrek/Desktop/crossyroad-FReAKGames/CrossyRoad/Content/Collections/' took 0.00s
[2019.11.29-22.00.21:641][  0]LogCollectionManager: Rebuilt the GUID cache for 0 collections in 0.000004 seconds
[2019.11.29-22.00.21:650][  0]LogContentBrowser: Native class hierarchy populated in 0.0092 seconds. Added 2863 classes and 680 folders.
[2019.11.29-22.00.21:659][  0]LogContentBrowser: Native class hierarchy updated for 'WidgetCarousel' in 0.0002 seconds. Added 0 classes and 0 folders.
[2019.11.29-22.00.21:804][  0]LogContentBrowser: Native class hierarchy updated for 'AddContentDialog' in 0.0006 seconds. Added 0 classes and 0 folders.
[2019.11.29-22.00.21:812][  0]LogContentBrowser: Native class hierarchy updated for 'SceneOutliner' in 0.0003 seconds. Added 1 classes and 2 folders.
[2019.11.29-22.00.21:895][  0]LogSlate: Took 0.000316 seconds to synchronously load lazily loaded font '../../../Engine/Content/Slate/Fonts/Roboto-Regular.ttf' (155K)
[2019.11.29-22.00.21:897][  0]LogSlate: Took 0.000268 seconds to synchronously load lazily loaded font '../../../Engine/Content/Slate/Fonts/Roboto-Bold.ttf' (160K)
[2019.11.29-22.00.21:902][  0]LogSlate: Took 0.000482 seconds to synchronously load lazily loaded font '../../../Engine/Content/Editor/Slate/Fonts/FontAwesome.ttf' (139K)
[2019.11.29-22.00.21:992][  0]LogRenderer: Reallocating scene render targets to support 964x436 Format 10 NumSamples 1 (Frame:1).
[2019.11.29-22.00.22:151][  0]LogContentBrowser: Native class hierarchy updated for 'HierarchicalLODOutliner' in 0.0004 seconds. Added 0 classes and 0 folders.
[2019.11.29-22.00.22:151][  0]LogLoad: (Engine Initialization) Total time: 16.39 seconds
[2019.11.29-22.00.22:151][  0]LogLoad: (Engine Initialization) Total Blueprint compile time: 0.00 seconds
[2019.11.29-22.00.22:219][  0]LogContentStreaming: Texture pool size now 1000 MB
[2019.11.29-22.00.22:325][  2]LogAssetRegistry: Asset discovery search completed in 9.2923 seconds
[2019.11.29-22.00.22:330][  2]LogCollectionManager: Rebuilt the object cache for 0 collections in 0.000006 seconds (found 0 objects)
[2019.11.29-22.00.22:330][  2]LogCollectionManager: Fixed up redirectors for 0 collections in 0.000081 seconds (updated 0 objects)
[2019.11.29-22.00.26:259][231]LogSlate: Took 0.003203 seconds to synchronously load lazily loaded font '../../../Engine/Content/Slate/Fonts/Roboto-Light.ttf' (167K)
[2019.11.29-22.05.51:122][ 14]LogSlate: FSceneViewport::OnFocusLost() reason 0
[2019.11.29-22.05.52:064][ 22]LogSlate: Took 0.000312 seconds to synchronously load lazily loaded font '../../../Engine/Content/Slate/Fonts/Roboto-Light.ttf' (167K)
[2019.11.29-22.05.52:110][ 22]LogAssetEditorManager: Opening Asset editor for Blueprint /Game/Blueprints/BP_Lane.BP_Lane
[2019.11.29-22.05.53:790][ 22]LogContentBrowser: Native class hierarchy updated for 'BlueprintGraph' in 0.0009 seconds. Added 121 classes and 0 folders.
[2019.11.29-22.05.56:783][ 22]LogD3D11RHI: Error: agsDriverExtensionsDX11_SetDepthBounds(1,0.000000, 1.000000) returned error code 6. **********PLEASE UPDATE YOUR VIDEO DRIVERS*********
[2019.11.29-22.05.56:783][ 22]LogSlate: Took 0.032081 seconds to synchronously load lazily loaded font '../../../Engine/Content/Slate/Fonts/Roboto-BoldCondensed.ttf' (158K)
[2019.11.29-22.05.57:749][ 23]LogSlate: Took 0.000562 seconds to synchronously load lazily loaded font '../../../Engine/Content/Slate/Fonts/Roboto-Italic.ttf' (157K)
[2019.11.29-22.06.23:552][100]LogEditorSessionSummary: EditorSessionSummary sent report. Type=Shutdown, SessionId={65599AAC-4A1E-076C-D177-1F95B0DACC7B}
[2019.11.29-22.06.23:552][100]LogEditorSessionSummary: EditorSessionSummary sent report. Type=Shutdown, SessionId={6313834E-48DD-5204-0EB5-079A54261B3E}
[2019.11.29-22.06.23:552][100]LogEditorSessionSummary: EditorSessionSummary sent report. Type=Shutdown, SessionId={F9C5E466-4BE1-A318-02B8-A381E9BE4504}
[2019.11.29-22.06.23:552][100]LogEditorSessionSummary: EditorSessionSummary sent report. Type=Shutdown, SessionId={0F4EF569-472F-4761-8050-1687E2D2BF26}
[2019.11.29-22.10.23:851][816]LogEditorSessionSummary: EditorSessionSummary sent report. Type=Shutdown, SessionId={6000EC97-41AF-BF32-DC88-C799932CE162}
[2019.11.29-22.10.23:851][816]LogEditorSessionSummary: EditorSessionSummary sent report. Type=Shutdown, SessionId={5A0D4FAF-444B-C439-25FD-BF8AA196F31C}
[2019.11.29-22.10.23:851][816]LogEditorSessionSummary: EditorSessionSummary sent report. Type=Shutdown, SessionId={1EDEB078-41F5-CABA-C45F-36AEB4399282}
[2019.11.29-22.20.03:467][643]LogSlate: Window 'BP_Lane' being destroyed
[2019.11.29-22.20.03:472][643]LogSlate: Window 'BP_Lane' being destroyed
[2019.11.29-22.20.03:865][643]LogWorld: UWorld::CleanupWorld for World_0, bSessionEnded=true, bCleanupResources=true
[2019.11.29-22.20.06:056][646]LogEditorViewport: Clicking Background
[2019.11.29-22.41.59:769][461]LogD3D11RHI: Timed out while waiting for GPU to catch up. (0.5 s) (ErrorCode 00000001)
[2019.11.29-22.42.01:332][462]LogD3D11RHI: Timed out while waiting for GPU to catch up. (0.5 s) (ErrorCode 00000001)
[2019.11.29-22.42.03:832][463]LogD3D11RHI: Timed out while waiting for GPU to catch up. (0.5 s) (ErrorCode 00000001)
[2019.11.29-22.49.18:620][748]LogInit: XAudio2 using 'Speakers (Realtek High Definition Audio)' : 2 channels at 48 kHz using 32 bits per sample (channel mask 0x3)
[2019.11.29-22.49.20:253][749]LogInit: XAudio2 using 'Speakers (Realtek High Definition Audio)' : 2 channels at 48 kHz using 32 bits per sample (channel mask 0x3)
[2019.11.29-23.36.46:197][254]LogInit: XAudio2 using 'DELL S2319NX (Intel(R) Display Audio)' : 2 channels at 48 kHz using 16 bits per sample (channel mask 0x3)
[2019.11.29-23.36.46:549][255]LogAudio: Warning: Current Audio Device with ID {0.0.0.00000000}.{0acbfb97-363f-4163-b45b-ef5190c9380d} was removed. Shutting down audio device.
[2019.11.29-23.37.09:181][255]LogWindows: FPlatformMisc::RequestExit(1)
[2019.11.29-23.37.09:231][255]Log file closed, 11/29/19 15:37:09
